#
# A fatal error has been detected by the Java Runtime Environment:
#
#  SIGSEGV (0xb) at pc=0x00000001002c5b13, pid=18260, tid=0x0000000000003f03
#
# JRE version: Java(TM) SE Runtime Environment (8.0_144-b01) (build 1.8.0_144-b01)
# Java VM: Java HotSpot(TM) 64-Bit Server VM (25.144-b01 mixed mode bsd-amd64 compressed oops)
# Problematic frame:
# V  [libjvm.dylib+0x6b13]  shrI_rReg_immNode::emit(CodeBuffer&, PhaseRegAlloc*) const+0x79
#
# Failed to write core dump. Core dumps have been disabled. To enable core dumping, try "ulimit -c unlimited" before starting Java again
#
# If you would like to submit a bug report, please visit:
#   http://bugreport.java.com/bugreport/crash.jsp
#

---------------  T H R E A D  ---------------

Current thread (0x00007ff9d4857000):  JavaThread "C2 CompilerThread0" daemon [_thread_in_native, id=16131, stack(0x0000700000935000,0x0000700000a35000)]

siginfo: si_signo: 11 (SIGSEGV), si_code: 0 (unknown), si_addr: 0x0000000000000000

Registers:
RAX=0x4000000100b18cb0, RBX=0x0000700000a324e0, RCX=0x0000000101e4fae0, RDX=0x0000000101e4fae1
RSP=0x0000700000a31670, RBP=0x0000700000a31690, RSI=0x0000700000a324e0, RDI=0x00007ff9d660d1b0
R8 =0x00000000ffffffff, R9 =0x000000000000006c, R10=0x0000000000003cb8, R11=0x00000000ffffffff
R12=0x0000700000a316f0, R13=0x0000700000a316f8, R14=0x0000700000a316f0, R15=0x00007ff9d660d128
RIP=0x00000001002c5b13, EFLAGS=0x0000000000010206, ERR=0x0000000000000000
  TRAPNO=0x000000000000000d

Top of Stack: (sp=0x0000700000a31670)
0x0000700000a31670:   0000700000a316f0 00007ff9d660d128
0x0000700000a31680:   0000700000a33f80 0000000101e4fe80
0x0000700000a31690:   0000700000a318a0 0000000100471713
0x0000700000a316a0:   0000000000000008 0000000100b93810
0x0000700000a316b0:   0000700000a31748 0000700000a31818
0x0000700000a316c0:   0000000000a317a0 0000000000000000
0x0000700000a316d0:   00007000ffffffff 0000000000000007
0x0000700000a316e0:   00000000d5b23970 0000000000000000
0x0000700000a316f0:   000000010089ee82 0000000101e4fe60
0x0000700000a31700:   0000000000000000 0000000101e4fe60
0x0000700000a31710:   0000000101e4fe80 0000000101e4fe80
0x0000700000a31720:   0000000101e4fe80 0000000101e4fed4
0x0000700000a31730:   0000000101e4fe60 0000000000000000
0x0000700000a31740:   0000700000a316f0 0000000101e4fae0
0x0000700000a31750:   0000000101e4fae0 0000000101e4fae2
0x0000700000a31760:   0000000101e4fda0 0000000101e4fed8
0x0000700000a31770:   0000000101e4fed8 0000000101e4ff28
0x0000700000a31780:   0000000101e4fae0 ffffffffff010000
0x0000700000a31790:   0000700000a316f0 0000000101e4fdc0
0x0000700000a317a0:   0000000000000000 0000000101e4fdc0
0x0000700000a317b0:   0000000101e4fe40 0000000101e4ff28
0x0000700000a317c0:   0000000101e4ff28 0000000101e4ff7c
0x0000700000a317d0:   0000000101e4fdc0 00007ff9d5020000
0x0000700000a317e0:   0000700000a316f0 0000000000000000
0x0000700000a317f0:   0000000000000000 0000000101e4fae0
0x0000700000a31800:   00000000000003a0 0000700000a31818
0x0000700000a31810:   0000000000000000 0000000000000000
0x0000700000a31820:   00007ff9d5b165a0 0000000000000000
0x0000700000a31830:   0000000000000000 0000000000000000
0x0000700000a31840:   0000000000000000 00007ff9d5b16720
0x0000700000a31850:   0000000000000000 0000000000000000
0x0000700000a31860:   00007ff9d3d29000 0000000000000000 

Instructions: (pc=0x00000001002c5b13)
0x00000001002c5af3:   c1 49 8b 4e 68 48 8d 51 01 49 89 56 68 0d e8 00
0x00000001002c5b03:   00 00 88 41 01 49 ff 46 68 49 8b 7f 50 48 8b 07
0x00000001002c5b13:   ff 50 30 49 8b 4e 68 88 01 49 ff 46 68 48 83 c4
0x00000001002c5b23:   08 5b 41 5e 41 5f 5d c3 90 55 48 89 e5 41 57 41 

Register to memory mapping:

RAX=0x4000000100b18cb0 is an unknown value
RBX=0x0000700000a324e0 is pointing into the stack for thread: 0x00007ff9d4857000
RCX=0x0000000101e4fae0 is at code_begin+0 in 
[CodeBlob (0x0000000101e4fa90)]
Framesize: 0
BufferBlob (0x0000000101e4fa90) used for Compile::scratch_buffer
RDX=0x0000000101e4fae1 is at code_begin+1 in 
[CodeBlob (0x0000000101e4fa90)]
Framesize: 0
BufferBlob (0x0000000101e4fa90) used for Compile::scratch_buffer
RSP=0x0000700000a31670 is pointing into the stack for thread: 0x00007ff9d4857000
RBP=0x0000700000a31690 is pointing into the stack for thread: 0x00007ff9d4857000
RSI=0x0000700000a324e0 is pointing into the stack for thread: 0x00007ff9d4857000
RDI=0x00007ff9d660d1b0 is an unknown value
R8 =0x00000000ffffffff is an unknown value
R9 =0x000000000000006c is an unknown value
R10=0x0000000000003cb8 is an unknown value
R11=0x00000000ffffffff is an unknown value
R12=0x0000700000a316f0 is pointing into the stack for thread: 0x00007ff9d4857000
R13=0x0000700000a316f8 is pointing into the stack for thread: 0x00007ff9d4857000
R14=0x0000700000a316f0 is pointing into the stack for thread: 0x00007ff9d4857000
R15=0x00007ff9d660d128 is an unknown value


Stack: [0x0000700000935000,0x0000700000a35000],  sp=0x0000700000a31670,  free space=1009k
Native frames: (J=compiled Java code, j=interpreted, Vv=VM code, C=native code)
V  [libjvm.dylib+0x6b13]  shrI_rReg_immNode::emit(CodeBuffer&, PhaseRegAlloc*) const+0x79
V  [libjvm.dylib+0x1b2713]  Compile::scratch_emit_size(Node const*)+0x1b5
V  [libjvm.dylib+0x495357]  Compile::shorten_branches(unsigned int*, int&, int&, int&)+0x22f
V  [libjvm.dylib+0x4959e0]  Compile::init_buffer(unsigned int*)+0x182
V  [libjvm.dylib+0x492368]  Compile::Output()+0x3c4
V  [libjvm.dylib+0x1afa71]  Compile::Code_Gen()+0x239
V  [libjvm.dylib+0x1b3b21]  Compile::Compile(ciEnv*, C2Compiler*, ciMethod*, int, bool, bool, bool)+0x98d
V  [libjvm.dylib+0x150fae]  C2Compiler::compile_method(ciEnv*, ciMethod*, int)+0xb2
V  [libjvm.dylib+0x1b71b4]  CompileBroker::invoke_compiler_on_method(CompileTask*)+0x5b2
V  [libjvm.dylib+0x1b96fb]  CompileBroker::compiler_thread_loop()+0x291
V  [libjvm.dylib+0x56c0b3]  JavaThread::thread_main_inner()+0x9b
V  [libjvm.dylib+0x56d7a0]  JavaThread::run()+0x1c2
V  [libjvm.dylib+0x48baee]  java_start(Thread*)+0xf6
C  [libsystem_pthread.dylib+0x399d]  _pthread_body+0x83
C  [libsystem_pthread.dylib+0x391a]  _pthread_body+0x0
C  [libsystem_pthread.dylib+0x1351]  thread_start+0xd
C  0x0000000000000000


Current CompileTask:
C2:  84290 1911   !   4       java.net.URLClassLoader$1::run (63 bytes)


---------------  P R O C E S S  ---------------

Java Threads: ( => current thread )
  0x00007ff9d4d04000 JavaThread "File lock request listener" [_thread_in_native, id=20999, stack(0x0000700001456000,0x0000700001556000)]
  0x00007ff9d44ac000 JavaThread "process reaper" daemon [_thread_blocked, id=21507, stack(0x000070000019a000,0x00007000001c2000)]
  0x00007ff9d44b0800 JavaThread "Stdin handler" [_thread_blocked, id=20483, stack(0x0000700001353000,0x0000700001453000)]
  0x00007ff9d447f800 JavaThread "Asynchronous log dispatcher for DefaultDaemonConnection: socket connection from /0:0:0:0:0:0:0:1:54916 to /0:0:0:0:0:0:0:1:54942" [_thread_blocked, id=19971, stack(0x0000700001250000,0x0000700001350000)]
  0x00007ff9d4d7c800 JavaThread "Daemon worker" [_thread_blocked, id=19459, stack(0x000070000114d000,0x000070000124d000)]
  0x00007ff9d4d7a800 JavaThread "Cancel handler" [_thread_blocked, id=18947, stack(0x000070000104a000,0x000070000114a000)]
  0x00007ff9d4264000 JavaThread "Handler for socket connection from /0:0:0:0:0:0:0:1:54916 to /0:0:0:0:0:0:0:1:54942" [_thread_in_native, id=18435, stack(0x0000700000f47000,0x0000700001047000)]
  0x00007ff9d4d0f800 JavaThread "Daemon" [_thread_blocked, id=14619, stack(0x0000700000e44000,0x0000700000f44000)]
  0x00007ff9d4c74000 JavaThread "Incoming local TCP Connector on port 54916" [_thread_in_native, id=6151, stack(0x0000700000d41000,0x0000700000e41000)]
  0x00007ff9d49f1000 JavaThread "pool-1-thread-1" [_thread_blocked, id=12551, stack(0x000070000072c000,0x000070000082c000)]
  0x00007ff9d4875800 JavaThread "Service Thread" daemon [_thread_blocked, id=17155, stack(0x0000700000b3b000,0x0000700000c3b000)]
  0x00007ff9d486a800 JavaThread "C1 CompilerThread1" daemon [_thread_blocked, id=16643, stack(0x0000700000a38000,0x0000700000b38000)]
=>0x00007ff9d4857000 JavaThread "C2 CompilerThread0" daemon [_thread_in_native, id=16131, stack(0x0000700000935000,0x0000700000a35000)]
  0x00007ff9d4040000 JavaThread "Signal Dispatcher" daemon [_thread_blocked, id=15627, stack(0x0000700000832000,0x0000700000932000)]
  0x00007ff9d402a000 JavaThread "Finalizer" daemon [_thread_blocked, id=11267, stack(0x0000700000629000,0x0000700000729000)]
  0x00007ff9d4023800 JavaThread "Reference Handler" daemon [_thread_blocked, id=10755, stack(0x0000700000526000,0x0000700000626000)]
  0x00007ff9d4806000 JavaThread "main" [_thread_blocked, id=4099, stack(0x0000700000084000,0x0000700000184000)]

Other Threads:
  0x00007ff9d400c000 VMThread [stack: 0x0000700000423000,0x0000700000523000] [id=10243]
  0x00007ff9d4041000 WatcherThread [stack: 0x0000700000c3e000,0x0000700000d3e000] [id=17667]

VM state:not at safepoint (normal execution)

VM Mutex/Monitor currently owned by a thread: None

Heap:
 PSYoungGen      total 45568K, used 24843K [0x0000000795580000, 0x0000000798c80000, 0x00000007c0000000)
  eden space 36864K, 56% used [0x0000000795580000,0x00000007969b4048,0x0000000797980000)
  from space 8704K, 47% used [0x0000000798400000,0x000000079880ebf0,0x0000000798c80000)
  to   space 9728K, 0% used [0x0000000797980000,0x0000000797980000,0x0000000798300000)
 ParOldGen       total 74752K, used 7825K [0x0000000740000000, 0x0000000744900000, 0x0000000795580000)
  object space 74752K, 10% used [0x0000000740000000,0x00000007407a4508,0x0000000744900000)
 Metaspace       used 27157K, capacity 27756K, committed 27904K, reserved 1073152K
  class space    used 3875K, capacity 4041K, committed 4096K, reserved 1048576K

Card table byte_map: [0x0000000110bc0000,0x0000000110fc1000] byte_map_base: 0x000000010d1c0000

Marking Bits: (ParMarkBitMap*) 0x0000000100bb25d0
 Begin Bits: [0x000000011126c000, 0x000000011326c000)
 End Bits:   [0x000000011326c000, 0x000000011526c000)

Polling page: 0x00000001012ad000

CodeCache: size=245760Kb used=6452Kb max_used=6452Kb free=239307Kb
 bounds [0x0000000101800000, 0x0000000101e60000, 0x0000000110800000]
 total_blobs=2567 nmethods=1915 adapters=566
 compilation: enabled

Compilation events (10 events):
Event: 83.706 Thread 0x00007ff9d486a800 2132       1       com.google.common.collect.SingletonImmutableSet::size (2 bytes)
Event: 83.706 Thread 0x00007ff9d486a800 nmethod 2132 0x0000000101e4e9d0 code [0x0000000101e4eb20, 0x0000000101e4ec30]
Event: 83.706 Thread 0x00007ff9d486a800 2129       2       com.google.common.collect.ImmutableSet::<init> (5 bytes)
Event: 83.706 Thread 0x00007ff9d486a800 nmethod 2129 0x0000000101e4ec90 code [0x0000000101e4ede0, 0x0000000101e4ef30]
Event: 83.706 Thread 0x00007ff9d486a800 2133       1       org.gradle.internal.component.external.model.DefaultModuleComponentArtifactMetadata::getId (5 bytes)
Event: 83.706 Thread 0x00007ff9d486a800 nmethod 2133 0x0000000101e4efd0 code [0x0000000101e4f120, 0x0000000101e4f230]
Event: 83.706 Thread 0x00007ff9d486a800 2134       1       org.gradle.internal.component.model.DefaultIvyArtifactName::getType (5 bytes)
Event: 83.706 Thread 0x00007ff9d486a800 nmethod 2134 0x0000000101e4f290 code [0x0000000101e4f3e0, 0x0000000101e4f4f0]
Event: 83.785 Thread 0x00007ff9d486a800 2135       2       org.gradle.api.internal.artifacts.DefaultModuleVersionIdentifier::hashCode (16 bytes)
Event: 83.786 Thread 0x00007ff9d486a800 nmethod 2135 0x0000000101e4f550 code [0x0000000101e4f6e0, 0x0000000101e4f8e8]

GC Heap History (10 events):
Event: 53.260 GC heap before
{Heap before GC invocations=3 (full 0):
 PSYoungGen      total 38400K, used 38392K [0x0000000795580000, 0x0000000798000000, 0x00000007c0000000)
  eden space 33280K, 100% used [0x0000000795580000,0x0000000797600000,0x0000000797600000)
  from space 5120K, 99% used [0x0000000797b00000,0x0000000797ffe140,0x0000000798000000)
  to   space 5120K, 0% used [0x0000000797600000,0x0000000797600000,0x0000000797b00000)
 ParOldGen       total 87552K, used 666K [0x0000000740000000, 0x0000000745580000, 0x0000000795580000)
  object space 87552K, 0% used [0x0000000740000000,0x00000007400a6840,0x0000000745580000)
 Metaspace       used 16755K, capacity 17056K, committed 17152K, reserved 1064960K
  class space    used 2400K, capacity 2481K, committed 2560K, reserved 1048576K
Event: 53.318 GC heap after
Heap after GC invocations=3 (full 0):
 PSYoungGen      total 38400K, used 5120K [0x0000000795580000, 0x0000000798000000, 0x00000007c0000000)
  eden space 33280K, 0% used [0x0000000795580000,0x0000000795580000,0x0000000797600000)
  from space 5120K, 100% used [0x0000000797600000,0x0000000797b00000,0x0000000797b00000)
  to   space 5120K, 0% used [0x0000000797b00000,0x0000000797b00000,0x0000000798000000)
 ParOldGen       total 87552K, used 3885K [0x0000000740000000, 0x0000000745580000, 0x0000000795580000)
  object space 87552K, 4% used [0x0000000740000000,0x00000007403cb600,0x0000000745580000)
 Metaspace       used 16755K, capacity 17056K, committed 17152K, reserved 1064960K
  class space    used 2400K, capacity 2481K, committed 2560K, reserved 1048576K
}
Event: 58.919 GC heap before
{Heap before GC invocations=4 (full 0):
 PSYoungGen      total 38400K, used 25232K [0x0000000795580000, 0x0000000798000000, 0x00000007c0000000)
  eden space 33280K, 60% used [0x0000000795580000,0x0000000796924140,0x0000000797600000)
  from space 5120K, 100% used [0x0000000797600000,0x0000000797b00000,0x0000000797b00000)
  to   space 5120K, 0% used [0x0000000797b00000,0x0000000797b00000,0x0000000798000000)
 ParOldGen       total 87552K, used 3885K [0x0000000740000000, 0x0000000745580000, 0x0000000795580000)
  object space 87552K, 4% used [0x0000000740000000,0x00000007403cb600,0x0000000745580000)
 Metaspace       used 20891K, capacity 21228K, committed 21296K, reserved 1067008K
  class space    used 2818K, capacity 2932K, committed 2944K, reserved 1048576K
Event: 58.961 GC heap after
Heap after GC invocations=4 (full 0):
 PSYoungGen      total 38400K, used 5099K [0x0000000795580000, 0x0000000798000000, 0x00000007c0000000)
  eden space 33280K, 0% used [0x0000000795580000,0x0000000795580000,0x0000000797600000)
  from space 5120K, 99% used [0x0000000797b00000,0x0000000797ffac88,0x0000000798000000)
  to   space 5120K, 0% used [0x0000000797600000,0x0000000797600000,0x0000000797b00000)
 ParOldGen       total 87552K, used 6755K [0x0000000740000000, 0x0000000745580000, 0x0000000795580000)
  object space 87552K, 7% used [0x0000000740000000,0x0000000740698e40,0x0000000745580000)
 Metaspace       used 20891K, capacity 21228K, committed 21296K, reserved 1067008K
  class space    used 2818K, capacity 2932K, committed 2944K, reserved 1048576K
}
Event: 58.961 GC heap before
{Heap before GC invocations=5 (full 1):
 PSYoungGen      total 38400K, used 5099K [0x0000000795580000, 0x0000000798000000, 0x00000007c0000000)
  eden space 33280K, 0% used [0x0000000795580000,0x0000000795580000,0x0000000797600000)
  from space 5120K, 99% used [0x0000000797b00000,0x0000000797ffac88,0x0000000798000000)
  to   space 5120K, 0% used [0x0000000797600000,0x0000000797600000,0x0000000797b00000)
 ParOldGen       total 87552K, used 6755K [0x0000000740000000, 0x0000000745580000, 0x0000000795580000)
  object space 87552K, 7% used [0x0000000740000000,0x0000000740698e40,0x0000000745580000)
 Metaspace       used 20891K, capacity 21228K, committed 21296K, reserved 1067008K
  class space    used 2818K, capacity 2932K, committed 2944K, reserved 1048576K
Event: 60.539 GC heap after
Heap after GC invocations=5 (full 1):
 PSYoungGen      total 38400K, used 0K [0x0000000795580000, 0x0000000798000000, 0x00000007c0000000)
  eden space 33280K, 0% used [0x0000000795580000,0x0000000795580000,0x0000000797600000)
  from space 5120K, 0% used [0x0000000797b00000,0x0000000797b00000,0x0000000798000000)
  to   space 5120K, 0% used [0x0000000797600000,0x0000000797600000,0x0000000797b00000)
 ParOldGen       total 74752K, used 7817K [0x0000000740000000, 0x0000000744900000, 0x0000000795580000)
  object space 74752K, 10% used [0x0000000740000000,0x00000007407a2508,0x0000000744900000)
 Metaspace       used 20891K, capacity 21228K, committed 21296K, reserved 1067008K
  class space    used 2818K, capacity 2932K, committed 2944K, reserved 1048576K
}
Event: 68.481 GC heap before
{Heap before GC invocations=6 (full 1):
 PSYoungGen      total 38400K, used 33280K [0x0000000795580000, 0x0000000798000000, 0x00000007c0000000)
  eden space 33280K, 100% used [0x0000000795580000,0x0000000797600000,0x0000000797600000)
  from space 5120K, 0% used [0x0000000797b00000,0x0000000797b00000,0x0000000798000000)
  to   space 5120K, 0% used [0x0000000797600000,0x0000000797600000,0x0000000797b00000)
 ParOldGen       total 74752K, used 7817K [0x0000000740000000, 0x0000000744900000, 0x0000000795580000)
  object space 74752K, 10% used [0x0000000740000000,0x00000007407a2508,0x0000000744900000)
 Metaspace       used 24004K, capacity 24270K, committed 24448K, reserved 1071104K
  class space    used 3345K, capacity 3453K, committed 3456K, reserved 1048576K
Event: 68.502 GC heap after
Heap after GC invocations=6 (full 1):
 PSYoungGen      total 38400K, used 4271K [0x0000000795580000, 0x0000000798e00000, 0x00000007c0000000)
  eden space 33280K, 0% used [0x0000000795580000,0x0000000795580000,0x0000000797600000)
  from space 5120K, 83% used [0x0000000797600000,0x0000000797a2bd18,0x0000000797b00000)
  to   space 10240K, 0% used [0x0000000798400000,0x0000000798400000,0x0000000798e00000)
 ParOldGen       total 74752K, used 7825K [0x0000000740000000, 0x0000000744900000, 0x0000000795580000)
  object space 74752K, 10% used [0x0000000740000000,0x00000007407a4508,0x0000000744900000)
 Metaspace       used 24004K, capacity 24270K, committed 24448K, reserved 1071104K
  class space    used 3345K, capacity 3453K, committed 3456K, reserved 1048576K
}
Event: 82.215 GC heap before
{Heap before GC invocations=7 (full 1):
 PSYoungGen      total 38400K, used 37551K [0x0000000795580000, 0x0000000798e00000, 0x00000007c0000000)
  eden space 33280K, 100% used [0x0000000795580000,0x0000000797600000,0x0000000797600000)
  from space 5120K, 83% used [0x0000000797600000,0x0000000797a2bd18,0x0000000797b00000)
  to   space 10240K, 0% used [0x0000000798400000,0x0000000798400000,0x0000000798e00000)
 ParOldGen       total 74752K, used 7825K [0x0000000740000000, 0x0000000744900000, 0x0000000795580000)
  object space 74752K, 10% used [0x0000000740000000,0x00000007407a4508,0x0000000744900000)
 Metaspace       used 25904K, capacity 26336K, committed 26496K, reserved 1071104K
  class space    used 3686K, capacity 3841K, committed 3968K, reserved 1048576K
Event: 82.226 GC heap after
Heap after GC invocations=7 (full 1):
 PSYoungGen      total 45568K, used 4154K [0x0000000795580000, 0x0000000798c80000, 0x00000007c0000000)
  eden space 36864K, 0% used [0x0000000795580000,0x0000000795580000,0x0000000797980000)
  from space 8704K, 47% used [0x0000000798400000,0x000000079880ebf0,0x0000000798c80000)
  to   space 9728K, 0% used [0x0000000797980000,0x0000000797980000,0x0000000798300000)
 ParOldGen       total 74752K, used 7825K [0x0000000740000000, 0x0000000744900000, 0x0000000795580000)
  object space 74752K, 10% used [0x0000000740000000,0x00000007407a4508,0x0000000744900000)
 Metaspace       used 25904K, capacity 26336K, committed 26496K, reserved 1071104K
  class space    used 3686K, capacity 3841K, committed 3968K, reserved 1048576K
}

Deoptimization events (10 events):
Event: 56.845 Thread 0x00007ff9d4d7c800 Uncommon trap: reason=bimorphic action=maybe_recompile pc=0x00000001019326a0 method=java.lang.ClassLoader.loadClass(Ljava/lang/String;Z)Ljava/lang/Class; @ 38
Event: 56.845 Thread 0x00007ff9d4d7c800 Uncommon trap: reason=bimorphic action=maybe_recompile pc=0x00000001019326a0 method=java.lang.ClassLoader.loadClass(Ljava/lang/String;Z)Ljava/lang/Class; @ 38
Event: 61.581 Thread 0x00007ff9d4d7c800 Uncommon trap: reason=unstable_if action=reinterpret pc=0x0000000101915b5c method=java.util.HashMap.hash(Ljava/lang/Object;)I @ 1
Event: 62.749 Thread 0x00007ff9d4d7c800 Uncommon trap: reason=unstable_if action=reinterpret pc=0x0000000101925374 method=java.util.HashMap.getNode(ILjava/lang/Object;)Ljava/util/HashMap$Node; @ 53
Event: 62.760 Thread 0x00007ff9d4d7c800 Uncommon trap: reason=unstable_if action=reinterpret pc=0x0000000101ab00f0 method=java.util.HashMap.hash(Ljava/lang/Object;)I @ 1
Event: 62.760 Thread 0x00007ff9d4d7c800 Uncommon trap: reason=unstable_if action=reinterpret pc=0x0000000101b72470 method=java.util.HashMap.putVal(ILjava/lang/Object;Ljava/lang/Object;ZZ)Ljava/lang/Object; @ 85
Event: 69.287 Thread 0x00007ff9d4d7c800 Uncommon trap: reason=unstable_if action=reinterpret pc=0x0000000101a5529c method=java.io.UnixFileSystem.resolve(Ljava/lang/String;Ljava/lang/String;)Ljava/lang/String; @ 18
Event: 70.476 Thread 0x00007ff9d4d7c800 Uncommon trap: reason=class_check action=maybe_recompile pc=0x0000000101d8d534 method=sun.misc.URLClassPath.getLoader(I)Lsun/misc/URLClassPath$Loader; @ 239
Event: 70.707 Thread 0x00007ff9d4d7c800 Uncommon trap: reason=class_check action=maybe_recompile pc=0x0000000101d8d534 method=sun.misc.URLClassPath.getLoader(I)Lsun/misc/URLClassPath$Loader; @ 239
Event: 82.946 Thread 0x00007ff9d4d7c800 Uncommon trap: reason=unstable_if action=reinterpret pc=0x0000000101df6594 method=java.net.URLClassLoader.isSealed(Ljava/lang/String;Ljava/util/jar/Manifest;)Z @ 26

Internal exceptions (10 events):
Event: 70.609 Thread 0x00007ff9d4d7c800 Exception <a 'java/lang/ClassNotFoundException': org/gradle/api/internal/artifacts/repositories/AbstractAuthenticationSupportedRepositoryBeanInfo> (0x0000000796026080) thrown at [/Users/java_re/workspace/8-2-build-macosx-x86_64/jdk8u144/9417/hotspot/src/s
Event: 70.610 Thread 0x00007ff9d4d7c800 Exception <a 'java/lang/ClassNotFoundException': org/gradle/api/internal/artifacts/repositories/AbstractArtifactRepositoryBeanInfo> (0x0000000796067b08) thrown at [/Users/java_re/workspace/8-2-build-macosx-x86_64/jdk8u144/9417/hotspot/src/share/vm/classfi
Event: 70.611 Thread 0x00007ff9d4d7c800 Exception <a 'java/lang/ClassNotFoundException': org/gradle/api/internal/artifacts/repositories/AbstractArtifactRepositoryCustomizer> (0x00000007960ab948) thrown at [/Users/java_re/workspace/8-2-build-macosx-x86_64/jdk8u144/9417/hotspot/src/share/vm/class
Event: 70.612 Thread 0x00007ff9d4d7c800 Exception <a 'java/lang/ClassNotFoundException': org/gradle/api/internal/artifacts/repositories/AbstractAuthenticationSupportedRepositoryCustomizer> (0x00000007960fcb38) thrown at [/Users/java_re/workspace/8-2-build-macosx-x86_64/jdk8u144/9417/hotspot/src
Event: 70.657 Thread 0x00007ff9d4d7c800 Exception <a 'java/lang/ClassNotFoundException': org/gradle/api/internal/artifacts/repositories/DefaultMavenArtifactRepositoryCustomizer> (0x0000000796153fd8) thrown at [/Users/java_re/workspace/8-2-build-macosx-x86_64/jdk8u144/9417/hotspot/src/share/vm/c
Event: 70.669 Thread 0x00007ff9d4d7c800 Exception <a 'java/lang/ClassNotFoundException': org/gradle/api/internal/artifacts/repositories/DefaultMavenArtifactRepository_DecoratedCustomizer> (0x00000007961ad770) thrown at [/Users/java_re/workspace/8-2-build-macosx-x86_64/jdk8u144/9417/hotspot/src/
Event: 72.458 Thread 0x00007ff9d4d7c800 Exception <a 'java/lang/ClassNotFoundException': org/gradle/api/internal/artifacts/dsl/dependencies/DefaultDependencyHandler_DecoratedBeanInfo> (0x0000000796cc6d00) thrown at [/Users/java_re/workspace/8-2-build-macosx-x86_64/jdk8u144/9417/hotspot/src/shar
Event: 72.459 Thread 0x00007ff9d4d7c800 Exception <a 'java/lang/ClassNotFoundException': org/gradle/api/internal/artifacts/dsl/dependencies/DefaultDependencyHandlerBeanInfo> (0x0000000796cf4ec0) thrown at [/Users/java_re/workspace/8-2-build-macosx-x86_64/jdk8u144/9417/hotspot/src/share/vm/class
Event: 72.459 Thread 0x00007ff9d4d7c800 Exception <a 'java/lang/ClassNotFoundException': org/gradle/api/internal/artifacts/dsl/dependencies/DefaultDependencyHandlerCustomizer> (0x0000000796d238f8) thrown at [/Users/java_re/workspace/8-2-build-macosx-x86_64/jdk8u144/9417/hotspot/src/share/vm/cla
Event: 72.461 Thread 0x00007ff9d4d7c800 Exception <a 'java/lang/ClassNotFoundException': org/gradle/api/internal/artifacts/dsl/dependencies/DefaultDependencyHandler_DecoratedCustomizer> (0x0000000796d66638) thrown at [/Users/java_re/workspace/8-2-build-macosx-x86_64/jdk8u144/9417/hotspot/src/sh

Events (10 events):
Event: 83.783 loading class com/google/common/collect/AbstractMultimap$Values
Event: 83.783 loading class com/google/common/collect/AbstractMultimap$Values done
Event: 83.783 loading class com/google/common/collect/LinkedHashMultimap$1
Event: 83.783 loading class com/google/common/collect/LinkedHashMultimap$1 done
Event: 83.784 loading class org/gradle/internal/resolve/result/DefaultBuildableArtifactResolveResult
Event: 83.784 loading class org/gradle/internal/resolve/result/DefaultBuildableArtifactResolveResult done
Event: 83.786 loading class org/gradle/internal/resolve/ArtifactNotFoundException
Event: 83.786 loading class org/gradle/internal/resolve/ArtifactNotFoundException done
Event: 83.787 loading class org/gradle/api/internal/artifacts/ivyservice/CacheLockingArtifactResolver$3
Event: 83.787 loading class org/gradle/api/internal/artifacts/ivyservice/CacheLockingArtifactResolver$3 done


Dynamic libraries:
0x00000000076b3000 	/System/Library/Frameworks/Cocoa.framework/Versions/A/Cocoa
0x00000000076b3000 	/System/Library/Frameworks/Security.framework/Versions/A/Security
0x00000000076b3000 	/System/Library/Frameworks/ApplicationServices.framework/Versions/A/ApplicationServices
0x00000000076b3000 	/usr/lib/libz.1.dylib
0x00000000076b3000 	/usr/lib/libSystem.B.dylib
0x00000000076b3000 	/usr/lib/libobjc.A.dylib
0x00000000076b3000 	/System/Library/Frameworks/CoreFoundation.framework/Versions/A/CoreFoundation
0x00000000076b3000 	/System/Library/Frameworks/Foundation.framework/Versions/C/Foundation
0x00000000076b3000 	/System/Library/Frameworks/AppKit.framework/Versions/C/AppKit
0x00000000076b3000 	/System/Library/Frameworks/CoreData.framework/Versions/A/CoreData
0x00000000076b3000 	/System/Library/PrivateFrameworks/RemoteViewServices.framework/Versions/A/RemoteViewServices
0x00000000076b3000 	/System/Library/PrivateFrameworks/UIFoundation.framework/Versions/A/UIFoundation
0x00000000076b3000 	/usr/lib/libScreenReader.dylib
0x00000000076b3000 	/System/Library/Frameworks/Accelerate.framework/Versions/A/Accelerate
0x00000000076b3000 	/System/Library/Frameworks/IOSurface.framework/Versions/A/IOSurface
0x00000000076b3000 	/System/Library/Frameworks/AudioToolbox.framework/Versions/A/AudioToolbox
0x00000000076b3000 	/System/Library/Frameworks/AudioUnit.framework/Versions/A/AudioUnit
0x00000000076b3000 	/System/Library/PrivateFrameworks/DataDetectorsCore.framework/Versions/A/DataDetectorsCore
0x00000000076b3000 	/System/Library/PrivateFrameworks/DesktopServicesPriv.framework/Versions/A/DesktopServicesPriv
0x00000000076b3000 	/System/Library/Frameworks/Carbon.framework/Versions/A/Frameworks/HIToolbox.framework/Versions/A/HIToolbox
0x00000000076b3000 	/System/Library/Frameworks/QuartzCore.framework/Versions/A/QuartzCore
0x00000000076b3000 	/System/Library/Frameworks/Carbon.framework/Versions/A/Frameworks/SpeechRecognition.framework/Versions/A/SpeechRecognition
0x00000000076b3000 	/usr/lib/libauto.dylib
0x00000000076b3000 	/usr/lib/libicucore.A.dylib
0x00000000076b3000 	/usr/lib/libxml2.2.dylib
0x00000000076b3000 	/System/Library/PrivateFrameworks/CoreUI.framework/Versions/A/CoreUI
0x00000000076b3000 	/System/Library/Frameworks/CoreAudio.framework/Versions/A/CoreAudio
0x00000000076b3000 	/System/Library/Frameworks/DiskArbitration.framework/Versions/A/DiskArbitration
0x00000000076b3000 	/usr/lib/liblangid.dylib
0x00000000076b3000 	/System/Library/PrivateFrameworks/MultitouchSupport.framework/Versions/A/MultitouchSupport
0x00000000076b3000 	/System/Library/Frameworks/IOKit.framework/Versions/A/IOKit
0x00000000076b3000 	/usr/lib/libDiagnosticMessagesClient.dylib
0x00000000076b3000 	/System/Library/Frameworks/CoreServices.framework/Versions/A/CoreServices
0x00000000076b3000 	/System/Library/PrivateFrameworks/PerformanceAnalysis.framework/Versions/A/PerformanceAnalysis
0x00000000076b3000 	/System/Library/PrivateFrameworks/GenerationalStorage.framework/Versions/A/GenerationalStorage
0x00000000076b3000 	/System/Library/Frameworks/OpenGL.framework/Versions/A/OpenGL
0x00000000076b3000 	/System/Library/PrivateFrameworks/Sharing.framework/Versions/A/Sharing
0x00000000076b3000 	/System/Library/Frameworks/CoreGraphics.framework/Versions/A/CoreGraphics
0x00000000076b3000 	/System/Library/Frameworks/CoreImage.framework/Versions/A/CoreImage
0x00000000076b3000 	/System/Library/Frameworks/CoreText.framework/Versions/A/CoreText
0x00000000076b3000 	/System/Library/Frameworks/ImageIO.framework/Versions/A/ImageIO
0x00000000076b3000 	/System/Library/PrivateFrameworks/Backup.framework/Versions/A/Backup
0x00000000076b3000 	/usr/lib/libextension.dylib
0x00000000076b3000 	/usr/lib/libarchive.2.dylib
0x00000000076b3000 	/System/Library/Frameworks/CFNetwork.framework/Versions/A/CFNetwork
0x00000000076b3000 	/System/Library/Frameworks/SystemConfiguration.framework/Versions/A/SystemConfiguration
0x00000000076b3000 	/usr/lib/libCRFSuite.dylib
0x00000000076b3000 	/usr/lib/libc++.1.dylib
0x00000000076b3000 	/usr/lib/libc++abi.dylib
0x00000000076b3000 	/usr/lib/system/libcache.dylib
0x00000000076b3000 	/usr/lib/system/libcommonCrypto.dylib
0x00000000076b3000 	/usr/lib/system/libcompiler_rt.dylib
0x00000000076b3000 	/usr/lib/system/libcopyfile.dylib
0x00000000076b3000 	/usr/lib/system/libcorecrypto.dylib
0x00000000076b3000 	/usr/lib/system/libdispatch.dylib
0x00000000076b3000 	/usr/lib/system/libdyld.dylib
0x00000000076b3000 	/usr/lib/system/libkeymgr.dylib
0x00000000076b3000 	/usr/lib/system/liblaunch.dylib
0x00000000076b3000 	/usr/lib/system/libmacho.dylib
0x00000000076b3000 	/usr/lib/system/libquarantine.dylib
0x00000000076b3000 	/usr/lib/system/libremovefile.dylib
0x00000000076b3000 	/usr/lib/system/libsystem_asl.dylib
0x00000000076b3000 	/usr/lib/system/libsystem_blocks.dylib
0x00000000076b3000 	/usr/lib/system/libsystem_c.dylib
0x00000000076b3000 	/usr/lib/system/libsystem_configuration.dylib
0x00000000076b3000 	/usr/lib/system/libsystem_coreservices.dylib
0x00000000076b3000 	/usr/lib/system/libsystem_coretls.dylib
0x00000000076b3000 	/usr/lib/system/libsystem_dnssd.dylib
0x00000000076b3000 	/usr/lib/system/libsystem_info.dylib
0x00000000076b3000 	/usr/lib/system/libsystem_kernel.dylib
0x00000000076b3000 	/usr/lib/system/libsystem_m.dylib
0x00000000076b3000 	/usr/lib/system/libsystem_malloc.dylib
0x00000000076b3000 	/usr/lib/system/libsystem_network.dylib
0x00000000076b3000 	/usr/lib/system/libsystem_networkextension.dylib
0x00000000076b3000 	/usr/lib/system/libsystem_notify.dylib
0x00000000076b3000 	/usr/lib/system/libsystem_platform.dylib
0x00000000076b3000 	/usr/lib/system/libsystem_pthread.dylib
0x00000000076b3000 	/usr/lib/system/libsystem_sandbox.dylib
0x00000000076b3000 	/usr/lib/system/libsystem_secinit.dylib
0x00000000076b3000 	/usr/lib/system/libsystem_trace.dylib
0x00000000076b3000 	/usr/lib/system/libunc.dylib
0x00000000076b3000 	/usr/lib/system/libunwind.dylib
0x00000000076b3000 	/usr/lib/system/libxpc.dylib
0x00000000076b3000 	/usr/lib/libenergytrace.dylib
0x00000000076b3000 	/usr/lib/libbsm.0.dylib
0x00000000076b3000 	/usr/lib/system/libkxld.dylib
0x00000000076b3000 	/usr/lib/libxar.1.dylib
0x00000000076b3000 	/usr/lib/libsqlite3.dylib
0x00000000076b3000 	/usr/lib/libpam.2.dylib
0x00000000076b3000 	/usr/lib/libOpenScriptingUtil.dylib
0x00000000076b3000 	/usr/lib/libbz2.1.0.dylib
0x00000000076b3000 	/usr/lib/liblzma.5.dylib
0x00000000076b3000 	/System/Library/Frameworks/CoreServices.framework/Versions/A/Frameworks/FSEvents.framework/Versions/A/FSEvents
0x00000000076b3000 	/System/Library/Frameworks/CoreServices.framework/Versions/A/Frameworks/CarbonCore.framework/Versions/A/CarbonCore
0x00000000076b3000 	/System/Library/Frameworks/CoreServices.framework/Versions/A/Frameworks/Metadata.framework/Versions/A/Metadata
0x00000000076b3000 	/System/Library/Frameworks/CoreServices.framework/Versions/A/Frameworks/OSServices.framework/Versions/A/OSServices
0x00000000076b3000 	/System/Library/Frameworks/CoreServices.framework/Versions/A/Frameworks/SearchKit.framework/Versions/A/SearchKit
0x00000000076b3000 	/System/Library/Frameworks/CoreServices.framework/Versions/A/Frameworks/AE.framework/Versions/A/AE
0x00000000076b3000 	/System/Library/Frameworks/CoreServices.framework/Versions/A/Frameworks/LaunchServices.framework/Versions/A/LaunchServices
0x00000000076b3000 	/System/Library/Frameworks/CoreServices.framework/Versions/A/Frameworks/DictionaryServices.framework/Versions/A/DictionaryServices
0x00000000076b3000 	/System/Library/Frameworks/CoreServices.framework/Versions/A/Frameworks/SharedFileList.framework/Versions/A/SharedFileList
0x00000000076b3000 	/System/Library/Frameworks/NetFS.framework/Versions/A/NetFS
0x00000000076b3000 	/System/Library/PrivateFrameworks/NetAuth.framework/Versions/A/NetAuth
0x00000000076b3000 	/System/Library/PrivateFrameworks/login.framework/Versions/A/Frameworks/loginsupport.framework/Versions/A/loginsupport
0x00000000076b3000 	/System/Library/PrivateFrameworks/TCC.framework/Versions/A/TCC
0x00000000076b3000 	/usr/lib/libmecabra.dylib
0x00000000076b3000 	/System/Library/Frameworks/ApplicationServices.framework/Versions/A/Frameworks/ATS.framework/Versions/A/ATS
0x00000000076b3000 	/System/Library/Frameworks/ApplicationServices.framework/Versions/A/Frameworks/ColorSync.framework/Versions/A/ColorSync
0x00000000076b3000 	/System/Library/Frameworks/ApplicationServices.framework/Versions/A/Frameworks/HIServices.framework/Versions/A/HIServices
0x00000000076b3000 	/System/Library/Frameworks/ApplicationServices.framework/Versions/A/Frameworks/LangAnalysis.framework/Versions/A/LangAnalysis
0x00000000076b3000 	/System/Library/Frameworks/ApplicationServices.framework/Versions/A/Frameworks/PrintCore.framework/Versions/A/PrintCore
0x00000000076b3000 	/System/Library/Frameworks/ApplicationServices.framework/Versions/A/Frameworks/QD.framework/Versions/A/QD
0x00000000076b3000 	/System/Library/Frameworks/ApplicationServices.framework/Versions/A/Frameworks/SpeechSynthesis.framework/Versions/A/SpeechSynthesis
0x00000000076b3000 	/System/Library/Frameworks/Metal.framework/Versions/A/Metal
0x00000000076b3000 	/System/Library/Frameworks/Accelerate.framework/Versions/A/Frameworks/vImage.framework/Versions/A/vImage
0x00000000076b3000 	/System/Library/Frameworks/Accelerate.framework/Versions/A/Frameworks/vecLib.framework/Versions/A/vecLib
0x00000000076b3000 	/System/Library/Frameworks/Accelerate.framework/Versions/A/Frameworks/vecLib.framework/Versions/A/libvDSP.dylib
0x00000000076b3000 	/System/Library/Frameworks/Accelerate.framework/Versions/A/Frameworks/vecLib.framework/Versions/A/libvMisc.dylib
0x00000000076b3000 	/System/Library/Frameworks/Accelerate.framework/Versions/A/Frameworks/vecLib.framework/Versions/A/libLAPACK.dylib
0x00000000076b3000 	/System/Library/Frameworks/Accelerate.framework/Versions/A/Frameworks/vecLib.framework/Versions/A/libBLAS.dylib
0x00000000076b3000 	/System/Library/Frameworks/Accelerate.framework/Versions/A/Frameworks/vecLib.framework/Versions/A/libLinearAlgebra.dylib
0x00000000076b3000 	/System/Library/Frameworks/Accelerate.framework/Versions/A/Frameworks/vecLib.framework/Versions/A/libSparseBLAS.dylib
0x00000000076b3000 	/System/Library/PrivateFrameworks/GPUCompiler.framework/libmetal_timestamp.dylib
0x00000000076b3000 	/System/Library/Frameworks/OpenGL.framework/Versions/A/Libraries/libCoreFSCache.dylib
0x00000000076b3000 	/System/Library/PrivateFrameworks/IOAccelerator.framework/Versions/A/IOAccelerator
0x00000000076b3000 	/System/Library/Frameworks/ApplicationServices.framework/Versions/A/Frameworks/ATS.framework/Versions/A/Resources/libFontParser.dylib
0x00000000076b3000 	/System/Library/Frameworks/ApplicationServices.framework/Versions/A/Frameworks/ATS.framework/Versions/A/Resources/libFontRegistry.dylib
0x00000000076b3000 	/System/Library/PrivateFrameworks/AppleVPA.framework/Versions/A/AppleVPA
0x00000000076b3000 	/System/Library/PrivateFrameworks/AppleJPEG.framework/Versions/A/AppleJPEG
0x00000000076b3000 	/System/Library/Frameworks/ImageIO.framework/Versions/A/Resources/libJPEG.dylib
0x00000000076b3000 	/System/Library/Frameworks/ImageIO.framework/Versions/A/Resources/libTIFF.dylib
0x00000000076b3000 	/System/Library/Frameworks/ImageIO.framework/Versions/A/Resources/libPng.dylib
0x00000000076b3000 	/System/Library/Frameworks/ImageIO.framework/Versions/A/Resources/libGIF.dylib
0x00000000076b3000 	/System/Library/Frameworks/ImageIO.framework/Versions/A/Resources/libJP2.dylib
0x00000000076b3000 	/System/Library/Frameworks/ImageIO.framework/Versions/A/Resources/libRadiance.dylib
0x00000000076b3000 	/System/Library/Frameworks/CoreVideo.framework/Versions/A/CoreVideo
0x00000000076b3000 	/System/Library/Frameworks/OpenGL.framework/Versions/A/Libraries/libGLU.dylib
0x00000000076b3000 	/System/Library/Frameworks/OpenGL.framework/Versions/A/Libraries/libGFXShared.dylib
0x00000000076b3000 	/System/Library/Frameworks/OpenGL.framework/Versions/A/Libraries/libGL.dylib
0x00000000076b3000 	/System/Library/Frameworks/OpenGL.framework/Versions/A/Libraries/libGLImage.dylib
0x00000000076b3000 	/System/Library/Frameworks/OpenGL.framework/Versions/A/Libraries/libCVMSPluginSupport.dylib
0x00000000076b3000 	/System/Library/Frameworks/OpenGL.framework/Versions/A/Libraries/libCoreVMClient.dylib
0x00000000076b3000 	/usr/lib/libcompression.dylib
0x00000000076b3000 	/usr/lib/libcups.2.dylib
0x00000000076b3000 	/System/Library/Frameworks/Kerberos.framework/Versions/A/Kerberos
0x00000000076b3000 	/System/Library/Frameworks/GSS.framework/Versions/A/GSS
0x00000000076b3000 	/usr/lib/libresolv.9.dylib
0x00000000076b3000 	/usr/lib/libiconv.2.dylib
0x00000000076b3000 	/System/Library/PrivateFrameworks/Heimdal.framework/Versions/A/Heimdal
0x00000000076b3000 	/usr/lib/libheimdal-asn1.dylib
0x00000000076b3000 	/System/Library/Frameworks/OpenDirectory.framework/Versions/A/OpenDirectory
0x00000000076b3000 	/System/Library/PrivateFrameworks/CommonAuth.framework/Versions/A/CommonAuth
0x00000000076b3000 	/System/Library/Frameworks/OpenDirectory.framework/Versions/A/Frameworks/CFOpenDirectory.framework/Versions/A/CFOpenDirectory
0x00000000076b3000 	/System/Library/Frameworks/SecurityFoundation.framework/Versions/A/SecurityFoundation
0x00000000076b3000 	/System/Library/PrivateFrameworks/LanguageModeling.framework/Versions/A/LanguageModeling
0x00000000076b3000 	/usr/lib/libmarisa.dylib
0x00000000076b3000 	/usr/lib/libChineseTokenizer.dylib
0x00000000076b3000 	/usr/lib/libcmph.dylib
0x00000000076b3000 	/System/Library/Frameworks/ServiceManagement.framework/Versions/A/ServiceManagement
0x00000000076b3000 	/usr/lib/libxslt.1.dylib
0x00000000076b3000 	/System/Library/Frameworks/Carbon.framework/Versions/A/Frameworks/Ink.framework/Versions/A/Ink
0x00000000076b3000 	/usr/lib/libFosl_dynamic.dylib
0x00000000076b3000 	/System/Library/PrivateFrameworks/FaceCore.framework/Versions/A/FaceCore
0x00000000076b3000 	/System/Library/Frameworks/OpenCL.framework/Versions/A/OpenCL
0x00000000076b3000 	/System/Library/PrivateFrameworks/CrashReporterSupport.framework/Versions/A/CrashReporterSupport
0x00000000076b3000 	/System/Library/PrivateFrameworks/IconServices.framework/Versions/A/IconServices
0x00000000076b3000 	/System/Library/PrivateFrameworks/Apple80211.framework/Versions/A/Apple80211
0x00000000076b3000 	/System/Library/Frameworks/CoreWLAN.framework/Versions/A/CoreWLAN
0x00000000076b3000 	/System/Library/Frameworks/IOBluetooth.framework/Versions/A/IOBluetooth
0x00000000076b3000 	/System/Library/PrivateFrameworks/CoreWiFi.framework/Versions/A/CoreWiFi
0x00000000076b3000 	/System/Library/Frameworks/CoreBluetooth.framework/Versions/A/CoreBluetooth
0x00000000076b3000 	/System/Library/PrivateFrameworks/ChunkingLibrary.framework/Versions/A/ChunkingLibrary
0x00000000076b3000 	/System/Library/PrivateFrameworks/DebugSymbols.framework/Versions/A/DebugSymbols
0x00000000076b3000 	/System/Library/PrivateFrameworks/CoreSymbolication.framework/Versions/A/CoreSymbolication
0x00000000076b3000 	/System/Library/PrivateFrameworks/Symbolication.framework/Versions/A/Symbolication
0x00000000076b3000 	/System/Library/PrivateFrameworks/SpeechRecognitionCore.framework/Versions/A/SpeechRecognitionCore
0x00000001002bf000 	/Library/Java/JavaVirtualMachines/jdk1.8.0_144.jdk/Contents/Home/jre/lib/server/libjvm.dylib
0x00000000076b3000 	/usr/lib/libstdc++.6.dylib
0x000000010126a000 	/Library/Java/JavaVirtualMachines/jdk1.8.0_144.jdk/Contents/Home/jre/lib/libverify.dylib
0x0000000101278000 	/Library/Java/JavaVirtualMachines/jdk1.8.0_144.jdk/Contents/Home/jre/lib/libjava.dylib
0x00000001012b7000 	/Library/Java/JavaVirtualMachines/jdk1.8.0_144.jdk/Contents/Home/jre/lib/libzip.dylib
0x00000001013e2000 	/System/Library/Frameworks/JavaVM.framework/Frameworks/JavaRuntimeSupport.framework/JavaRuntimeSupport
0x0000000116a03000 	/System/Library/Frameworks/JavaVM.framework/Versions/A/Frameworks/JavaNativeFoundation.framework/Versions/A/JavaNativeFoundation
0x0000000116a18000 	/System/Library/Frameworks/JavaVM.framework/Versions/A/JavaVM
0x00000000076b3000 	/System/Library/Frameworks/Carbon.framework/Versions/A/Carbon
0x0000000116a25000 	/System/Library/PrivateFrameworks/JavaLaunching.framework/Versions/A/JavaLaunching
0x00000000076b3000 	/System/Library/Frameworks/Carbon.framework/Versions/A/Frameworks/CommonPanels.framework/Versions/A/CommonPanels
0x00000000076b3000 	/System/Library/Frameworks/Carbon.framework/Versions/A/Frameworks/Help.framework/Versions/A/Help
0x00000000076b3000 	/System/Library/Frameworks/Carbon.framework/Versions/A/Frameworks/ImageCapture.framework/Versions/A/ImageCapture
0x00000000076b3000 	/System/Library/Frameworks/Carbon.framework/Versions/A/Frameworks/OpenScripting.framework/Versions/A/OpenScripting
0x00000000076b3000 	/System/Library/Frameworks/Carbon.framework/Versions/A/Frameworks/Print.framework/Versions/A/Print
0x00000000076b3000 	/System/Library/Frameworks/Carbon.framework/Versions/A/Frameworks/SecurityHI.framework/Versions/A/SecurityHI
0x000000011876f000 	/Library/Java/JavaVirtualMachines/jdk1.8.0_144.jdk/Contents/Home/jre/lib/libnet.dylib
0x00000001187ce000 	/Library/Java/JavaVirtualMachines/jdk1.8.0_144.jdk/Contents/Home/jre/lib/libnio.dylib
0x00000001187de000 	/Users/macuser/.gradle/native/23/osx-amd64/libnative-platform.dylib
0x0000000118d72000 	/Library/Java/JavaVirtualMachines/jdk1.8.0_144.jdk/Contents/Home/jre/lib/libmanagement.dylib

VM Arguments:
jvm_args: -Xmx2048m -Dfile.encoding=UTF-8 -Duser.country=US -Duser.language=en -Duser.variant 
java_command: org.gradle.launcher.daemon.bootstrap.GradleDaemon 3.3
java_class_path (initial): /Users/macuser/.gradle/wrapper/dists/gradle-3.3-all/55gk2rcmfc6p2dg9u9ohc3hw9/gradle-3.3/lib/gradle-launcher-3.3.jar
Launcher Type: SUN_STANDARD

Environment Variables:
JAVA_HOME=/Library/Java/JavaVirtualMachines/jdk1.8.0_144.jdk/Contents/Home
PATH=/usr/bin:/bin:/usr/sbin:/sbin:/Applications/PhoneGap.app/Contents/Resources/app/bin:/Users/macuser/Library/Android/sdk/tools:/Users/macuser/Library/Android/sdk/platform-tools:/Users/macuser/Library/Android/sdk/tools/bin
SHELL=/bin/bash
DISPLAY=/private/tmp/com.apple.launchd.lkkoiGJdHX/org.macosforge.xquartz:0

Signal Handlers:
SIGSEGV: [libjvm.dylib+0x5b26e5], sa_mask[0]=11111111011111110111111111111111, sa_flags=SA_ONSTACK|SA_RESTART|SA_SIGINFO
SIGBUS: [libjvm.dylib+0x5b26e5], sa_mask[0]=11111111011111110111111111111111, sa_flags=SA_RESTART|SA_SIGINFO
SIGFPE: [libjvm.dylib+0x489100], sa_mask[0]=11111111011111110111111111111111, sa_flags=SA_RESTART|SA_SIGINFO
SIGPIPE: [libjvm.dylib+0x489100], sa_mask[0]=11111111011111110111111111111111, sa_flags=SA_RESTART|SA_SIGINFO
SIGXFSZ: [libjvm.dylib+0x489100], sa_mask[0]=11111111011111110111111111111111, sa_flags=SA_RESTART|SA_SIGINFO
SIGILL: [libjvm.dylib+0x489100], sa_mask[0]=11111111011111110111111111111111, sa_flags=SA_RESTART|SA_SIGINFO
SIGUSR1: SIG_DFL, sa_mask[0]=00000000000000000000000000000000, sa_flags=none
SIGUSR2: [libjvm.dylib+0x488c1e], sa_mask[0]=00100000000000000000000000000000, sa_flags=SA_RESTART|SA_SIGINFO
SIGHUP: [libjvm.dylib+0x4871f5], sa_mask[0]=11111111011111110111111111111111, sa_flags=SA_RESTART|SA_SIGINFO
SIGINT: SIG_IGN, sa_mask[0]=00000000000000000000000000000000, sa_flags=none
SIGTERM: [libjvm.dylib+0x4871f5], sa_mask[0]=11111111011111110111111111111111, sa_flags=SA_RESTART|SA_SIGINFO
SIGQUIT: [libjvm.dylib+0x4871f5], sa_mask[0]=11111111011111110111111111111111, sa_flags=SA_RESTART|SA_SIGINFO


---------------  S Y S T E M  ---------------

OS:Bsduname:Darwin 15.6.0 Darwin Kernel Version 15.6.0: Mon Oct  2 22:20:08 PDT 2017; root:xnu-3248.71.4~1/RELEASE_X86_64 x86_64
rlimit: STACK 8192k, CORE 0k, NPROC 709, NOFILE 10240, AS infinity
load average:168.17 89.66 39.50

CPU:total 2 (initial active 2) (2 cores per cpu, 1 threads per core) family 6 model 23 stepping 10, cmov, cx8, fxsr, mmx, sse, sse2, sse3, ssse3, sse4.1, tsc

Memory: 4k page, physical 8388608k(664444k free)

/proc/meminfo:


vm_info: Java HotSpot(TM) 64-Bit Server VM (25.144-b01) for bsd-amd64 JRE (1.8.0_144-b01), built on Jul 21 2017 22:07:42 by "java_re" with gcc 4.2.1 (Based on Apple Inc. build 5658) (LLVM build 2336.11.00)

time: Tue Nov 28 16:08:49 2017
elapsed time: 84 seconds (0d 0h 1m 24s)

