#
# A fatal error has been detected by the Java Runtime Environment:
#
#  SIGSEGV (0xb) at pc=0x000000010a0c6b4a, pid=18247, tid=0x0000000000002603
#
# JRE version: Java(TM) SE Runtime Environment (8.0_144-b01) (build 1.8.0_144-b01)
# Java VM: Java HotSpot(TM) 64-Bit Server VM (25.144-b01 mixed mode bsd-amd64 compressed oops)
# Problematic frame:
# V  [libjvm.dylib+0x2c3b4a]
#
# Failed to write core dump. Core dumps have been disabled. To enable core dumping, try "ulimit -c unlimited" before starting Java again
#
# If you would like to submit a bug report, please visit:
#   http://bugreport.java.com/bugreport/crash.jsp
#

---------------  T H R E A D  ---------------

Current thread (0x00007fd5aa815800):  GCTaskThread [stack: 0x000070000021d000,0x000070000031d000] [id=9731]

siginfo: si_signo: 11 (SIGSEGV), si_code: 0 (unknown), si_addr: 0x0000000000000000

Registers:
RAX=0x000000011ac75000, RBX=0x00007fd5a9d24630, RCX=0x03ffffffeb000000, RDX=0x1fffffff58000000
RSP=0x000070000031cbf0, RBP=0x000070000031cc10, RSI=0x000000079b3ae23c, RDI=0x00007fd5a9d24630
R8 =0x0000000000000b67, R9 =0x0000000000006bfc, R10=0x4902009024800401, R11=0x0000000000020000
R12=0x000000079b3ae23c, R13=0x000000079b3ae250, R14=0x0000000200000000, R15=0x00000007c0254a78
RIP=0x000000010a0c6b4a, EFLAGS=0x0000000000010206, ERR=0x0000000000000000
  TRAPNO=0x000000000000000d

Top of Stack: (sp=0x000070000031cbf0)
0x000070000031cbf0:   00007fd5a9d24630 00007fd5a9d24630
0x000070000031cc00:   00000007c0254a70 00000007c0254a78
0x000070000031cc10:   000070000031cc60 000000010a0c3551
0x000070000031cc20:   00007fd5a9d24630 000000079b3ae218
0x000070000031cc30:   00000007402d00d0 00007fd5a9d24630
0x000070000031cc40:   000000079b3ae218 000000010a416ac1
0x000070000031cc50:   00007fd5a9d24638 000000010a642b20
0x000070000031cc60:   000070000031ccf0 000000010a2c01cc
0x000070000031cc70:   00007fd5a9d246b8 00007fd5a9d24670
0x000070000031cc80:   00007fd5a9d246b8 00007fd5a9d246f0
0x000070000031cc90:   0000000000000000 0000000000000000
0x000070000031cca0:   000000079b3ae218 00007fd5aac96800
0x000070000031ccb0:   000001df00000001 00007fd5a9d24601
0x000070000031ccc0:   00007fd5aa815800 00007fd5a9d24630
0x000070000031ccd0:   0000000000000000 000000010a416ac1
0x000070000031cce0:   00007fd5a9c059f0 0000000000000001
0x000070000031ccf0:   000070000031cdb0 000000010a2b2516
0x000070000031cd00:   00007fd5a9d1c1f0 000000010a6d58e0
0x000070000031cd10:   00007fd5a9d1c100 000070000031cd60
0x000070000031cd20:   000070000031cd00 000000010a6d5980
0x000070000031cd30:   000070000031cd00 000070000031cd60
0x000070000031cd40:   000000010a6d59a0 000000010a267700
0x000070000031cd50:   000070000031cd60 00007fd5a9d1c201
0x000070000031cd60:   000000010a6db0c0 000000010a079d00
0x000070000031cd70:   00007fd5a9d24630 00007fd5a9d1c440
0x000070000031cd80:   00007fd5a9d1c470 00007fd5a9d1c480
0x000070000031cd90:   00007fd5a9d1c858 00000000000003d8
0x000070000031cda0:   00007fd5aa815800 00007fd5a9c059f0
0x000070000031cdb0:   000070000031ce90 000000010a07a2cf
0x000070000031cdc0:   000070000031cdf0 00007fd5a9d1c440
0x000070000031cdd0:   00007fd5a9d1c470 00007fd5a9d1c480
0x000070000031cde0:   00007fd5a9d1c858 00000000000003d8 

Instructions: (pc=0x000000010a0c6b4a)
0x000000010a0c6b2a:   10 48 c1 ea 03 48 8d 0d 52 07 56 00 8a 09 48 d3
0x000000010a0c6b3a:   ea 48 89 d1 48 83 e1 c0 48 c1 e9 03 48 8b 40 30
0x000000010a0c6b4a:   48 8b 04 08 48 0f a3 d0 72 5d 4c 89 f7 e8 c0 64
0x000000010a0c6b5a:   ee ff 4c 63 f8 48 8d 3d 6a fa 62 00 4c 89 f6 4c 

Register to memory mapping:

RAX=0x000000011ac75000 is an unknown value
RBX=0x00007fd5a9d24630 is an unknown value
RCX=0x03ffffffeb000000 is an unknown value
RDX=0x1fffffff58000000 is an unknown value
RSP=0x000070000031cbf0 is an unknown value
RBP=0x000070000031cc10 is an unknown value
RSI=0x000000079b3ae23c is an unknown value
RDI=0x00007fd5a9d24630 is an unknown value
R8 =0x0000000000000b67 is an unknown value
R9 =0x0000000000006bfc is an unknown value
R10=0x4902009024800401 is an unknown value
R11=0x0000000000020000 is an unknown value
R12=0x000000079b3ae23c is an unknown value
R13=0x000000079b3ae250 is an oop
org.codehaus.groovy.runtime.metaclass.MetaMethodIndex$Entry 
 - klass: 'org/codehaus/groovy/runtime/metaclass/MetaMethodIndex$Entry'
R14=0x0000000200000000 is an unknown value
R15=0x00000007c0254a78 is pointing into metadata


Stack: [0x000070000021d000,0x000070000031d000],  sp=0x000070000031cbf0,  free space=1022k
Native frames: (J=compiled Java code, j=interpreted, Vv=VM code, C=native code)
V  [libjvm.dylib+0x2c3b4a]
V  [libjvm.dylib+0x2c0551]
V  [libjvm.dylib+0x4bd1cc]
V  [libjvm.dylib+0x4af516]
V  [libjvm.dylib+0x2772cf]
V  [libjvm.dylib+0x48baee]
C  [libsystem_pthread.dylib+0x399d]  _pthread_body+0x83
C  [libsystem_pthread.dylib+0x391a]  _pthread_body+0x0
C  [libsystem_pthread.dylib+0x1351]  thread_start+0xd


---------------  P R O C E S S  ---------------

Java Threads: ( => current thread )
  0x00007fd5aac96800 JavaThread "File lock request listener" [_thread_in_native, id=21507, stack(0x0000700001456000,0x0000700001556000)]
  0x00007fd5aacb6800 JavaThread "Asynchronous log dispatcher for DefaultDaemonConnection: socket connection from /0:0:0:0:0:0:0:1:54922 to /0:0:0:0:0:0:0:1:54937" [_thread_blocked, id=20999, stack(0x0000700001250000,0x0000700001350000)]
  0x00007fd5aa481000 JavaThread "Daemon worker" [_thread_blocked, id=19463, stack(0x000070000114d000,0x000070000124d000)]
  0x00007fd5aad40800 JavaThread "process reaper" daemon [_thread_blocked, id=19971, stack(0x000070000019a000,0x00007000001c2000)]
  0x00007fd5aad79800 JavaThread "Cancel handler" [_thread_blocked, id=18947, stack(0x000070000104a000,0x000070000114a000)]
  0x00007fd5aacba800 JavaThread "Handler for socket connection from /0:0:0:0:0:0:0:1:54922 to /0:0:0:0:0:0:0:1:54937" [_thread_in_native, id=18435, stack(0x0000700000f47000,0x0000700001047000)]
  0x00007fd5aa0b8800 JavaThread "Daemon" [_thread_blocked, id=6663, stack(0x0000700000e44000,0x0000700000f44000)]
  0x00007fd5aac15800 JavaThread "Incoming local TCP Connector on port 54922" [_thread_in_native, id=15887, stack(0x0000700000d41000,0x0000700000e41000)]
  0x00007fd5aabe5800 JavaThread "pool-1-thread-1" [_thread_blocked, id=12807, stack(0x000070000072c000,0x000070000082c000)]
  0x00007fd5aa8de800 JavaThread "Service Thread" daemon [_thread_blocked, id=17411, stack(0x0000700000b3b000,0x0000700000c3b000)]
  0x00007fd5aa8d3000 JavaThread "C1 CompilerThread1" daemon [_thread_blocked, id=16899, stack(0x0000700000a38000,0x0000700000b38000)]
  0x00007fd5aa01a800 JavaThread "C2 CompilerThread0" daemon [_thread_blocked, id=16387, stack(0x0000700000935000,0x0000700000a35000)]
  0x00007fd5aa83f000 JavaThread "Signal Dispatcher" daemon [_thread_blocked, id=13835, stack(0x0000700000832000,0x0000700000932000)]
  0x00007fd5aa012800 JavaThread "Finalizer" daemon [_thread_blocked, id=11779, stack(0x0000700000629000,0x0000700000729000)]
  0x00007fd5aa861800 JavaThread "Reference Handler" daemon [_thread_blocked, id=11267, stack(0x0000700000526000,0x0000700000626000)]
  0x00007fd5aa80a000 JavaThread "main" [_thread_blocked, id=4099, stack(0x0000700000084000,0x0000700000184000)]

Other Threads:
  0x00007fd5aa85d000 VMThread [stack: 0x0000700000423000,0x0000700000523000] [id=10755]
  0x00007fd5aa018800 WatcherThread [stack: 0x0000700000c3e000,0x0000700000d3e000] [id=17923]

=>0x00007fd5aa815800 (exited) GCTaskThread [stack: 0x000070000021d000,0x000070000031d000] [id=9731]

VM state:at safepoint (normal execution)

VM Mutex/Monitor currently owned by a thread:  ([mutex/lock_event])
[0x00007fd5a9c03ef0] Threads_lock - owner thread: 0x00007fd5aa85d000
[0x00007fd5a9c043f0] Heap_lock - owner thread: 0x00007fd5aa481000

Heap:
 PSYoungGen      total 97280K, used 10736K [0x0000000795580000, 0x000000079dc00000, 0x00000007c0000000)
  eden space 86528K, 0% used [0x0000000795580000,0x0000000795580000,0x000000079aa00000)
  from space 10752K, 99% used [0x000000079aa00000,0x000000079b47c330,0x000000079b480000)
  to   space 12800K, 0% used [0x000000079cf80000,0x000000079cf80000,0x000000079dc00000)
 ParOldGen       total 67072K, used 10884K [0x0000000740000000, 0x0000000744180000, 0x0000000795580000)
  object space 67072K, 16% used [0x0000000740000000,0x0000000740aa1170,0x0000000744180000)
 Metaspace       used 34623K, capacity 35324K, committed 35496K, reserved 1079296K
  class space    used 4828K, capacity 5011K, committed 5032K, reserved 1048576K

Card table byte_map: [0x000000011a5c9000,0x000000011a9ca000] byte_map_base: 0x0000000116bc9000

Marking Bits: (ParMarkBitMap*) 0x000000010a6f65d0
 Begin Bits: [0x000000011ac75000, 0x000000011cc75000)
 End Bits:   [0x000000011cc75000, 0x000000011ec75000)

Polling page: 0x000000010aded000

CodeCache: size=245760Kb used=8532Kb max_used=8620Kb free=237227Kb
 bounds [0x000000010b209000, 0x000000010ba89000, 0x000000011a209000]
 total_blobs=3486 nmethods=2803 adapters=597
 compilation: enabled

Compilation events (10 events):
Event: 108.665 Thread 0x00007fd5aa8d3000 3067       2       groovyjarjarasm.asm.Item::<init> (66 bytes)
Event: 108.665 Thread 0x00007fd5aa8d3000 nmethod 3067 0x000000010b328890 code [0x000000010b3289e0, 0x000000010b328bb0]
Event: 108.665 Thread 0x00007fd5aa8d3000 3068       2       groovyjarjarasm.asm.ClassWriter::b (152 bytes)
Event: 108.666 Thread 0x00007fd5aa8d3000 nmethod 3068 0x000000010b440c10 code [0x000000010b440dc0, 0x000000010b4412f0]
Event: 108.671 Thread 0x00007fd5aa8d3000 3070       2       groovy.lang.MetaClassImpl::getMetaPropertyFromMutableMetaClass (36 bytes)
Event: 108.695 Thread 0x00007fd5aa8d3000 nmethod 3070 0x000000010b3e4e50 code [0x000000010b3e4fe0, 0x000000010b3e5258]
Event: 108.695 Thread 0x00007fd5aa8d3000 3071       2       groovy.lang.MetaClassImpl::findPropertyInClassHierarchy (95 bytes)
Event: 108.696 Thread 0x00007fd5aa8d3000 nmethod 3071 0x000000010b3a3d50 code [0x000000010b3a3f60, 0x000000010b3a44f8]
Event: 108.738 Thread 0x00007fd5aa8d3000 3072       2       sun.reflect.generics.reflectiveObjects.TypeVariableImpl::equals (67 bytes)
Event: 108.738 Thread 0x00007fd5aa8d3000 nmethod 3072 0x000000010b474550 code [0x000000010b474700, 0x000000010b474ab8]

GC Heap History (10 events):
Event: 59.779 GC heap after
Heap after GC invocations=4 (full 0):
 PSYoungGen      total 71680K, used 5104K [0x0000000795580000, 0x000000079a080000, 0x00000007c0000000)
  eden space 66560K, 0% used [0x0000000795580000,0x0000000795580000,0x0000000799680000)
  from space 5120K, 99% used [0x0000000799b80000,0x000000079a07c030,0x000000079a080000)
  to   space 5120K, 0% used [0x0000000799680000,0x0000000799680000,0x0000000799b80000)
 ParOldGen       total 87552K, used 6748K [0x0000000740000000, 0x0000000745580000, 0x0000000795580000)
  object space 87552K, 7% used [0x0000000740000000,0x0000000740697340,0x0000000745580000)
 Metaspace       used 20906K, capacity 21228K, committed 21296K, reserved 1067008K
  class space    used 2811K, capacity 2932K, committed 2944K, reserved 1048576K
}
Event: 59.779 GC heap before
{Heap before GC invocations=5 (full 1):
 PSYoungGen      total 71680K, used 5104K [0x0000000795580000, 0x000000079a080000, 0x00000007c0000000)
  eden space 66560K, 0% used [0x0000000795580000,0x0000000795580000,0x0000000799680000)
  from space 5120K, 99% used [0x0000000799b80000,0x000000079a07c030,0x000000079a080000)
  to   space 5120K, 0% used [0x0000000799680000,0x0000000799680000,0x0000000799b80000)
 ParOldGen       total 87552K, used 6748K [0x0000000740000000, 0x0000000745580000, 0x0000000795580000)
  object space 87552K, 7% used [0x0000000740000000,0x0000000740697340,0x0000000745580000)
 Metaspace       used 20906K, capacity 21228K, committed 21296K, reserved 1067008K
  class space    used 2811K, capacity 2932K, committed 2944K, reserved 1048576K
Event: 61.245 GC heap after
Heap after GC invocations=5 (full 1):
 PSYoungGen      total 71680K, used 0K [0x0000000795580000, 0x000000079a080000, 0x00000007c0000000)
  eden space 66560K, 0% used [0x0000000795580000,0x0000000795580000,0x0000000799680000)
  from space 5120K, 0% used [0x0000000799b80000,0x0000000799b80000,0x000000079a080000)
  to   space 5120K, 0% used [0x0000000799680000,0x0000000799680000,0x0000000799b80000)
 ParOldGen       total 67072K, used 7756K [0x0000000740000000, 0x0000000744180000, 0x0000000795580000)
  object space 67072K, 11% used [0x0000000740000000,0x0000000740793280,0x0000000744180000)
 Metaspace       used 20906K, capacity 21228K, committed 21296K, reserved 1067008K
  class space    used 2811K, capacity 2932K, committed 2944K, reserved 1048576K
}
Event: 75.650 GC heap before
{Heap before GC invocations=6 (full 1):
 PSYoungGen      total 71680K, used 66560K [0x0000000795580000, 0x000000079a080000, 0x00000007c0000000)
  eden space 66560K, 100% used [0x0000000795580000,0x0000000799680000,0x0000000799680000)
  from space 5120K, 0% used [0x0000000799b80000,0x0000000799b80000,0x000000079a080000)
  to   space 5120K, 0% used [0x0000000799680000,0x0000000799680000,0x0000000799b80000)
 ParOldGen       total 67072K, used 7756K [0x0000000740000000, 0x0000000744180000, 0x0000000795580000)
  object space 67072K, 11% used [0x0000000740000000,0x0000000740793280,0x0000000744180000)
 Metaspace       used 25846K, capacity 26240K, committed 26368K, reserved 1071104K
  class space    used 3657K, capacity 3745K, committed 3840K, reserved 1048576K
Event: 75.692 GC heap after
Heap after GC invocations=6 (full 1):
 PSYoungGen      total 71680K, used 5090K [0x0000000795580000, 0x000000079be00000, 0x00000007c0000000)
  eden space 66560K, 0% used [0x0000000795580000,0x0000000795580000,0x0000000799680000)
  from space 5120K, 99% used [0x0000000799680000,0x0000000799b78888,0x0000000799b80000)
  to   space 9728K, 0% used [0x000000079b480000,0x000000079b480000,0x000000079be00000)
 ParOldGen       total 67072K, used 9761K [0x0000000740000000, 0x0000000744180000, 0x0000000795580000)
  object space 67072K, 14% used [0x0000000740000000,0x0000000740988598,0x0000000744180000)
 Metaspace       used 25846K, capacity 26240K, committed 26368K, reserved 1071104K
  class space    used 3657K, capacity 3745K, committed 3840K, reserved 1048576K
}
Event: 98.896 GC heap before
{Heap before GC invocations=7 (full 1):
 PSYoungGen      total 71680K, used 71650K [0x0000000795580000, 0x000000079be00000, 0x00000007c0000000)
  eden space 66560K, 100% used [0x0000000795580000,0x0000000799680000,0x0000000799680000)
  from space 5120K, 99% used [0x0000000799680000,0x0000000799b78888,0x0000000799b80000)
  to   space 9728K, 0% used [0x000000079b480000,0x000000079b480000,0x000000079be00000)
 ParOldGen       total 67072K, used 9761K [0x0000000740000000, 0x0000000744180000, 0x0000000795580000)
  object space 67072K, 14% used [0x0000000740000000,0x0000000740988598,0x0000000744180000)
 Metaspace       used 31316K, capacity 31900K, committed 32256K, reserved 1077248K
  class space    used 4389K, capacity 4555K, committed 4608K, reserved 1048576K
Event: 99.053 GC heap after
Heap after GC invocations=7 (full 1):
 PSYoungGen      total 96256K, used 9394K [0x0000000795580000, 0x000000079bf00000, 0x00000007c0000000)
  eden space 86528K, 0% used [0x0000000795580000,0x0000000795580000,0x000000079aa00000)
  from space 9728K, 96% used [0x000000079b480000,0x000000079bdac998,0x000000079be00000)
  to   space 10752K, 0% used [0x000000079aa00000,0x000000079aa00000,0x000000079b480000)
 ParOldGen       total 67072K, used 9769K [0x0000000740000000, 0x0000000744180000, 0x0000000795580000)
  object space 67072K, 14% used [0x0000000740000000,0x000000074098a598,0x0000000744180000)
 Metaspace       used 31316K, capacity 31900K, committed 32256K, reserved 1077248K
  class space    used 4389K, capacity 4555K, committed 4608K, reserved 1048576K
}
Event: 108.743 GC heap before
{Heap before GC invocations=8 (full 1):
 PSYoungGen      total 96256K, used 79066K [0x0000000795580000, 0x000000079bf00000, 0x00000007c0000000)
  eden space 86528K, 80% used [0x0000000795580000,0x000000079998a040,0x000000079aa00000)
  from space 9728K, 96% used [0x000000079b480000,0x000000079bdac998,0x000000079be00000)
  to   space 10752K, 0% used [0x000000079aa00000,0x000000079aa00000,0x000000079b480000)
 ParOldGen       total 67072K, used 9769K [0x0000000740000000, 0x0000000744180000, 0x0000000795580000)
  object space 67072K, 14% used [0x0000000740000000,0x000000074098a598,0x0000000744180000)
 Metaspace       used 34623K, capacity 35324K, committed 35496K, reserved 1079296K
  class space    used 4828K, capacity 5011K, committed 5032K, reserved 1048576K
Event: 108.838 GC heap after
Heap after GC invocations=8 (full 1):
 PSYoungGen      total 97280K, used 10736K [0x0000000795580000, 0x000000079dc00000, 0x00000007c0000000)
  eden space 86528K, 0% used [0x0000000795580000,0x0000000795580000,0x000000079aa00000)
  from space 10752K, 99% used [0x000000079aa00000,0x000000079b47c330,0x000000079b480000)
  to   space 12800K, 0% used [0x000000079cf80000,0x000000079cf80000,0x000000079dc00000)
 ParOldGen       total 67072K, used 10884K [0x0000000740000000, 0x0000000744180000, 0x0000000795580000)
  object space 67072K, 16% used [0x0000000740000000,0x0000000740aa1170,0x0000000744180000)
 Metaspace       used 34623K, capacity 35324K, committed 35496K, reserved 1079296K
  class space    used 4828K, capacity 5011K, committed 5032K, reserved 1048576K
}
Event: 108.838 GC heap before
{Heap before GC invocations=9 (full 2):
 PSYoungGen      total 97280K, used 10736K [0x0000000795580000, 0x000000079dc00000, 0x00000007c0000000)
  eden space 86528K, 0% used [0x0000000795580000,0x0000000795580000,0x000000079aa00000)
  from space 10752K, 99% used [0x000000079aa00000,0x000000079b47c330,0x000000079b480000)
  to   space 12800K, 0% used [0x000000079cf80000,0x000000079cf80000,0x000000079dc00000)
 ParOldGen       total 67072K, used 10884K [0x0000000740000000, 0x0000000744180000, 0x0000000795580000)
  object space 67072K, 16% used [0x0000000740000000,0x0000000740aa1170,0x0000000744180000)
 Metaspace       used 34623K, capacity 35324K, committed 35496K, reserved 1079296K
  class space    used 4828K, capacity 5011K, committed 5032K, reserved 1048576K

Deoptimization events (10 events):
Event: 98.381 Thread 0x00007fd5aa481000 Uncommon trap: reason=unstable_if action=reinterpret pc=0x000000010b8d9124 method=java.util.HashMap.putVal(ILjava/lang/Object;Ljava/lang/Object;ZZ)Ljava/lang/Object; @ 162
Event: 98.388 Thread 0x00007fd5aa481000 Uncommon trap: reason=unstable_if action=reinterpret pc=0x000000010b79f8f0 method=java.util.HashMap.resize()[Ljava/util/HashMap$Node; @ 206
Event: 105.253 Thread 0x00007fd5aa481000 Uncommon trap: reason=unstable_if action=reinterpret pc=0x000000010b7b12a0 method=java.lang.CharacterDataLatin1.isWhitespace(I)Z @ 14
Event: 105.275 Thread 0x00007fd5aa481000 Uncommon trap: reason=class_check action=maybe_recompile pc=0x000000010b8de788 method=java.security.MessageDigest$Delegate.engineUpdate([BII)V @ 7
Event: 105.275 Thread 0x00007fd5aa481000 Uncommon trap: reason=predicate action=maybe_recompile pc=0x000000010b8d8408 method=sun.security.provider.DigestBase.implCompressMultiBlock([BII)I @ 5
Event: 105.285 Thread 0x00007fd5aa481000 Uncommon trap: reason=class_check action=maybe_recompile pc=0x000000010b8d6300 method=sun.security.provider.DigestBase.implCompressMultiBlock([BII)I @ 8
Event: 105.530 Thread 0x00007fd5aa481000 Uncommon trap: reason=class_check action=maybe_recompile pc=0x000000010b8de788 method=java.security.MessageDigest$Delegate.engineUpdate([BII)V @ 7
Event: 105.570 Thread 0x00007fd5aa481000 Uncommon trap: reason=class_check action=maybe_recompile pc=0x000000010b8de788 method=java.security.MessageDigest$Delegate.engineUpdate([BII)V @ 7
Event: 105.585 Thread 0x00007fd5aa481000 Uncommon trap: reason=class_check action=maybe_recompile pc=0x000000010b8de788 method=java.security.MessageDigest$Delegate.engineUpdate([BII)V @ 7
Event: 108.012 Thread 0x00007fd5aa481000 Uncommon trap: reason=unstable_if action=reinterpret pc=0x000000010b8c731c method=java.util.LinkedHashMap.afterNodeInsertion(Z)V @ 18

Internal exceptions (10 events):
Event: 108.523 Thread 0x00007fd5aa481000 Exception <a 'java/lang/ClassNotFoundException': org/gradle/api/internal/ProcessOperationsBeanInfo> (0x000000079971ee70) thrown at [/Users/java_re/workspace/8-2-build-macosx-x86_64/jdk8u144/9417/hotspot/src/share/vm/classfile/systemDictionary.cpp, line 21
Event: 108.524 Thread 0x00007fd5aa481000 Exception <a 'java/lang/ClassNotFoundException': org/gradle/api/internal/ProcessOperationsCustomizer> (0x0000000799746d50) thrown at [/Users/java_re/workspace/8-2-build-macosx-x86_64/jdk8u144/9417/hotspot/src/share/vm/classfile/systemDictionary.cpp, line 
Event: 108.643 Thread 0x00007fd5aa481000 Exception <a 'java/lang/ClassNotFoundException': java/io/FileBeanInfo> (0x00000007997861b0) thrown at [/Users/java_re/workspace/8-2-build-macosx-x86_64/jdk8u144/9417/hotspot/src/share/vm/classfile/systemDictionary.cpp, line 210]
Event: 108.644 Thread 0x00007fd5aa481000 Exception <a 'java/lang/ClassNotFoundException': java/io/FileCustomizer> (0x000000079978bee8) thrown at [/Users/java_re/workspace/8-2-build-macosx-x86_64/jdk8u144/9417/hotspot/src/share/vm/classfile/systemDictionary.cpp, line 210]
Event: 108.715 Thread 0x00007fd5aa481000 Exception <a 'java/lang/ClassNotFoundException': java/util/PropertiesBeanInfo> (0x00000007997ea100) thrown at [/Users/java_re/workspace/8-2-build-macosx-x86_64/jdk8u144/9417/hotspot/src/share/vm/classfile/systemDictionary.cpp, line 210]
Event: 108.715 Thread 0x00007fd5aa481000 Exception <a 'java/lang/ClassNotFoundException': java/util/HashtableBeanInfo> (0x00000007997f1a68) thrown at [/Users/java_re/workspace/8-2-build-macosx-x86_64/jdk8u144/9417/hotspot/src/share/vm/classfile/systemDictionary.cpp, line 210]
Event: 108.715 Thread 0x00007fd5aa481000 Exception <a 'java/lang/ClassNotFoundException': java/util/DictionaryBeanInfo> (0x00000007997f93d0) thrown at [/Users/java_re/workspace/8-2-build-macosx-x86_64/jdk8u144/9417/hotspot/src/share/vm/classfile/systemDictionary.cpp, line 210]
Event: 108.716 Thread 0x00007fd5aa481000 Exception <a 'java/lang/ClassNotFoundException': java/util/DictionaryCustomizer> (0x0000000799800f48) thrown at [/Users/java_re/workspace/8-2-build-macosx-x86_64/jdk8u144/9417/hotspot/src/share/vm/classfile/systemDictionary.cpp, line 210]
Event: 108.716 Thread 0x00007fd5aa481000 Exception <a 'java/lang/ClassNotFoundException': java/util/HashtableCustomizer> (0x000000079980f4b0) thrown at [/Users/java_re/workspace/8-2-build-macosx-x86_64/jdk8u144/9417/hotspot/src/share/vm/classfile/systemDictionary.cpp, line 210]
Event: 108.721 Thread 0x00007fd5aa481000 Exception <a 'java/lang/ClassNotFoundException': java/util/PropertiesCustomizer> (0x0000000799839858) thrown at [/Users/java_re/workspace/8-2-build-macosx-x86_64/jdk8u144/9417/hotspot/src/share/vm/classfile/systemDictionary.cpp, line 210]

Events (10 events):
Event: 108.739 Thread 0x00007fd5aa8d3000 flushing nmethod 0x000000010b61ffd0
Event: 108.739 Thread 0x00007fd5aa8d3000 flushing nmethod 0x000000010b64dd50
Event: 108.739 Thread 0x00007fd5aa8d3000 flushing nmethod 0x000000010b64e350
Event: 108.739 Thread 0x00007fd5aa8d3000 flushing nmethod 0x000000010b64f190
Event: 108.739 Thread 0x00007fd5aa8d3000 flushing nmethod 0x000000010b652050
Event: 108.739 Thread 0x00007fd5aa8d3000 flushing nmethod 0x000000010b654810
Event: 108.739 Thread 0x00007fd5aa8d3000 flushing nmethod 0x000000010b656590
Event: 108.739 loading class org/codehaus/groovy/runtime/callsite/ConstructorSite$ConstructorSiteNoUnwrap
Event: 108.739 loading class org/codehaus/groovy/runtime/callsite/ConstructorSite$ConstructorSiteNoUnwrap done
Event: 108.742 Executing VM operation: CollectForMetadataAllocation


Dynamic libraries:
0x00000000076b3000 	/System/Library/Frameworks/Cocoa.framework/Versions/A/Cocoa
0x00000000076b3000 	/System/Library/Frameworks/Security.framework/Versions/A/Security
0x00000000076b3000 	/System/Library/Frameworks/ApplicationServices.framework/Versions/A/ApplicationServices
0x00000000076b3000 	/usr/lib/libz.1.dylib
0x00000000076b3000 	/usr/lib/libSystem.B.dylib
0x00000000076b3000 	/usr/lib/libobjc.A.dylib
0x00000000076b3000 	/System/Library/Frameworks/CoreFoundation.framework/Versions/A/CoreFoundation
0x00000000076b3000 	/System/Library/Frameworks/Foundation.framework/Versions/C/Foundation
0x00000000076b3000 	/System/Library/Frameworks/AppKit.framework/Versions/C/AppKit
0x00000000076b3000 	/System/Library/Frameworks/CoreData.framework/Versions/A/CoreData
0x00000000076b3000 	/System/Library/PrivateFrameworks/RemoteViewServices.framework/Versions/A/RemoteViewServices
0x00000000076b3000 	/System/Library/PrivateFrameworks/UIFoundation.framework/Versions/A/UIFoundation
0x00000000076b3000 	/usr/lib/libScreenReader.dylib
0x00000000076b3000 	/System/Library/Frameworks/Accelerate.framework/Versions/A/Accelerate
0x00000000076b3000 	/System/Library/Frameworks/IOSurface.framework/Versions/A/IOSurface
0x00000000076b3000 	/System/Library/Frameworks/AudioToolbox.framework/Versions/A/AudioToolbox
0x00000000076b3000 	/System/Library/Frameworks/AudioUnit.framework/Versions/A/AudioUnit
0x00000000076b3000 	/System/Library/PrivateFrameworks/DataDetectorsCore.framework/Versions/A/DataDetectorsCore
0x00000000076b3000 	/System/Library/PrivateFrameworks/DesktopServicesPriv.framework/Versions/A/DesktopServicesPriv
0x00000000076b3000 	/System/Library/Frameworks/Carbon.framework/Versions/A/Frameworks/HIToolbox.framework/Versions/A/HIToolbox
0x00000000076b3000 	/System/Library/Frameworks/QuartzCore.framework/Versions/A/QuartzCore
0x00000000076b3000 	/System/Library/Frameworks/Carbon.framework/Versions/A/Frameworks/SpeechRecognition.framework/Versions/A/SpeechRecognition
0x00000000076b3000 	/usr/lib/libauto.dylib
0x00000000076b3000 	/usr/lib/libicucore.A.dylib
0x00000000076b3000 	/usr/lib/libxml2.2.dylib
0x00000000076b3000 	/System/Library/PrivateFrameworks/CoreUI.framework/Versions/A/CoreUI
0x00000000076b3000 	/System/Library/Frameworks/CoreAudio.framework/Versions/A/CoreAudio
0x00000000076b3000 	/System/Library/Frameworks/DiskArbitration.framework/Versions/A/DiskArbitration
0x00000000076b3000 	/usr/lib/liblangid.dylib
0x00000000076b3000 	/System/Library/PrivateFrameworks/MultitouchSupport.framework/Versions/A/MultitouchSupport
0x00000000076b3000 	/System/Library/Frameworks/IOKit.framework/Versions/A/IOKit
0x00000000076b3000 	/usr/lib/libDiagnosticMessagesClient.dylib
0x00000000076b3000 	/System/Library/Frameworks/CoreServices.framework/Versions/A/CoreServices
0x00000000076b3000 	/System/Library/PrivateFrameworks/PerformanceAnalysis.framework/Versions/A/PerformanceAnalysis
0x00000000076b3000 	/System/Library/PrivateFrameworks/GenerationalStorage.framework/Versions/A/GenerationalStorage
0x00000000076b3000 	/System/Library/Frameworks/OpenGL.framework/Versions/A/OpenGL
0x00000000076b3000 	/System/Library/PrivateFrameworks/Sharing.framework/Versions/A/Sharing
0x00000000076b3000 	/System/Library/Frameworks/CoreGraphics.framework/Versions/A/CoreGraphics
0x00000000076b3000 	/System/Library/Frameworks/CoreImage.framework/Versions/A/CoreImage
0x00000000076b3000 	/System/Library/Frameworks/CoreText.framework/Versions/A/CoreText
0x00000000076b3000 	/System/Library/Frameworks/ImageIO.framework/Versions/A/ImageIO
0x00000000076b3000 	/System/Library/PrivateFrameworks/Backup.framework/Versions/A/Backup
0x00000000076b3000 	/usr/lib/libextension.dylib
0x00000000076b3000 	/usr/lib/libarchive.2.dylib
0x00000000076b3000 	/System/Library/Frameworks/CFNetwork.framework/Versions/A/CFNetwork
0x00000000076b3000 	/System/Library/Frameworks/SystemConfiguration.framework/Versions/A/SystemConfiguration
0x00000000076b3000 	/usr/lib/libCRFSuite.dylib
0x00000000076b3000 	/usr/lib/libc++.1.dylib
0x00000000076b3000 	/usr/lib/libc++abi.dylib
0x00000000076b3000 	/usr/lib/system/libcache.dylib
0x00000000076b3000 	/usr/lib/system/libcommonCrypto.dylib
0x00000000076b3000 	/usr/lib/system/libcompiler_rt.dylib
0x00000000076b3000 	/usr/lib/system/libcopyfile.dylib
0x00000000076b3000 	/usr/lib/system/libcorecrypto.dylib
0x00000000076b3000 	/usr/lib/system/libdispatch.dylib
0x00000000076b3000 	/usr/lib/system/libdyld.dylib
0x00000000076b3000 	/usr/lib/system/libkeymgr.dylib
0x00000000076b3000 	/usr/lib/system/liblaunch.dylib
0x00000000076b3000 	/usr/lib/system/libmacho.dylib
0x00000000076b3000 	/usr/lib/system/libquarantine.dylib
0x00000000076b3000 	/usr/lib/system/libremovefile.dylib
0x00000000076b3000 	/usr/lib/system/libsystem_asl.dylib
0x00000000076b3000 	/usr/lib/system/libsystem_blocks.dylib
0x00000000076b3000 	/usr/lib/system/libsystem_c.dylib
0x00000000076b3000 	/usr/lib/system/libsystem_configuration.dylib
0x00000000076b3000 	/usr/lib/system/libsystem_coreservices.dylib
0x00000000076b3000 	/usr/lib/system/libsystem_coretls.dylib
0x00000000076b3000 	/usr/lib/system/libsystem_dnssd.dylib
0x00000000076b3000 	/usr/lib/system/libsystem_info.dylib
0x00000000076b3000 	/usr/lib/system/libsystem_kernel.dylib
0x00000000076b3000 	/usr/lib/system/libsystem_m.dylib
0x00000000076b3000 	/usr/lib/system/libsystem_malloc.dylib
0x00000000076b3000 	/usr/lib/system/libsystem_network.dylib
0x00000000076b3000 	/usr/lib/system/libsystem_networkextension.dylib
0x00000000076b3000 	/usr/lib/system/libsystem_notify.dylib
0x00000000076b3000 	/usr/lib/system/libsystem_platform.dylib
0x00000000076b3000 	/usr/lib/system/libsystem_pthread.dylib
0x00000000076b3000 	/usr/lib/system/libsystem_sandbox.dylib
0x00000000076b3000 	/usr/lib/system/libsystem_secinit.dylib
0x00000000076b3000 	/usr/lib/system/libsystem_trace.dylib
0x00000000076b3000 	/usr/lib/system/libunc.dylib
0x00000000076b3000 	/usr/lib/system/libunwind.dylib
0x00000000076b3000 	/usr/lib/system/libxpc.dylib
0x00000000076b3000 	/usr/lib/libenergytrace.dylib
0x00000000076b3000 	/usr/lib/libbsm.0.dylib
0x00000000076b3000 	/usr/lib/system/libkxld.dylib
0x00000000076b3000 	/usr/lib/libxar.1.dylib
0x00000000076b3000 	/usr/lib/libsqlite3.dylib
0x00000000076b3000 	/usr/lib/libpam.2.dylib
0x00000000076b3000 	/usr/lib/libOpenScriptingUtil.dylib
0x00000000076b3000 	/usr/lib/libbz2.1.0.dylib
0x00000000076b3000 	/usr/lib/liblzma.5.dylib
0x00000000076b3000 	/System/Library/Frameworks/CoreServices.framework/Versions/A/Frameworks/FSEvents.framework/Versions/A/FSEvents
0x00000000076b3000 	/System/Library/Frameworks/CoreServices.framework/Versions/A/Frameworks/CarbonCore.framework/Versions/A/CarbonCore
0x00000000076b3000 	/System/Library/Frameworks/CoreServices.framework/Versions/A/Frameworks/Metadata.framework/Versions/A/Metadata
0x00000000076b3000 	/System/Library/Frameworks/CoreServices.framework/Versions/A/Frameworks/OSServices.framework/Versions/A/OSServices
0x00000000076b3000 	/System/Library/Frameworks/CoreServices.framework/Versions/A/Frameworks/SearchKit.framework/Versions/A/SearchKit
0x00000000076b3000 	/System/Library/Frameworks/CoreServices.framework/Versions/A/Frameworks/AE.framework/Versions/A/AE
0x00000000076b3000 	/System/Library/Frameworks/CoreServices.framework/Versions/A/Frameworks/LaunchServices.framework/Versions/A/LaunchServices
0x00000000076b3000 	/System/Library/Frameworks/CoreServices.framework/Versions/A/Frameworks/DictionaryServices.framework/Versions/A/DictionaryServices
0x00000000076b3000 	/System/Library/Frameworks/CoreServices.framework/Versions/A/Frameworks/SharedFileList.framework/Versions/A/SharedFileList
0x00000000076b3000 	/System/Library/Frameworks/NetFS.framework/Versions/A/NetFS
0x00000000076b3000 	/System/Library/PrivateFrameworks/NetAuth.framework/Versions/A/NetAuth
0x00000000076b3000 	/System/Library/PrivateFrameworks/login.framework/Versions/A/Frameworks/loginsupport.framework/Versions/A/loginsupport
0x00000000076b3000 	/System/Library/PrivateFrameworks/TCC.framework/Versions/A/TCC
0x00000000076b3000 	/usr/lib/libmecabra.dylib
0x00000000076b3000 	/System/Library/Frameworks/ApplicationServices.framework/Versions/A/Frameworks/ATS.framework/Versions/A/ATS
0x00000000076b3000 	/System/Library/Frameworks/ApplicationServices.framework/Versions/A/Frameworks/ColorSync.framework/Versions/A/ColorSync
0x00000000076b3000 	/System/Library/Frameworks/ApplicationServices.framework/Versions/A/Frameworks/HIServices.framework/Versions/A/HIServices
0x00000000076b3000 	/System/Library/Frameworks/ApplicationServices.framework/Versions/A/Frameworks/LangAnalysis.framework/Versions/A/LangAnalysis
0x00000000076b3000 	/System/Library/Frameworks/ApplicationServices.framework/Versions/A/Frameworks/PrintCore.framework/Versions/A/PrintCore
0x00000000076b3000 	/System/Library/Frameworks/ApplicationServices.framework/Versions/A/Frameworks/QD.framework/Versions/A/QD
0x00000000076b3000 	/System/Library/Frameworks/ApplicationServices.framework/Versions/A/Frameworks/SpeechSynthesis.framework/Versions/A/SpeechSynthesis
0x00000000076b3000 	/System/Library/Frameworks/Metal.framework/Versions/A/Metal
0x00000000076b3000 	/System/Library/Frameworks/Accelerate.framework/Versions/A/Frameworks/vImage.framework/Versions/A/vImage
0x00000000076b3000 	/System/Library/Frameworks/Accelerate.framework/Versions/A/Frameworks/vecLib.framework/Versions/A/vecLib
0x00000000076b3000 	/System/Library/Frameworks/Accelerate.framework/Versions/A/Frameworks/vecLib.framework/Versions/A/libvDSP.dylib
0x00000000076b3000 	/System/Library/Frameworks/Accelerate.framework/Versions/A/Frameworks/vecLib.framework/Versions/A/libvMisc.dylib
0x00000000076b3000 	/System/Library/Frameworks/Accelerate.framework/Versions/A/Frameworks/vecLib.framework/Versions/A/libLAPACK.dylib
0x00000000076b3000 	/System/Library/Frameworks/Accelerate.framework/Versions/A/Frameworks/vecLib.framework/Versions/A/libBLAS.dylib
0x00000000076b3000 	/System/Library/Frameworks/Accelerate.framework/Versions/A/Frameworks/vecLib.framework/Versions/A/libLinearAlgebra.dylib
0x00000000076b3000 	/System/Library/Frameworks/Accelerate.framework/Versions/A/Frameworks/vecLib.framework/Versions/A/libSparseBLAS.dylib
0x00000000076b3000 	/System/Library/PrivateFrameworks/GPUCompiler.framework/libmetal_timestamp.dylib
0x00000000076b3000 	/System/Library/Frameworks/OpenGL.framework/Versions/A/Libraries/libCoreFSCache.dylib
0x00000000076b3000 	/System/Library/PrivateFrameworks/IOAccelerator.framework/Versions/A/IOAccelerator
0x00000000076b3000 	/System/Library/Frameworks/ApplicationServices.framework/Versions/A/Frameworks/ATS.framework/Versions/A/Resources/libFontParser.dylib
0x00000000076b3000 	/System/Library/Frameworks/ApplicationServices.framework/Versions/A/Frameworks/ATS.framework/Versions/A/Resources/libFontRegistry.dylib
0x00000000076b3000 	/System/Library/PrivateFrameworks/AppleVPA.framework/Versions/A/AppleVPA
0x00000000076b3000 	/System/Library/PrivateFrameworks/AppleJPEG.framework/Versions/A/AppleJPEG
0x00000000076b3000 	/System/Library/Frameworks/ImageIO.framework/Versions/A/Resources/libJPEG.dylib
0x00000000076b3000 	/System/Library/Frameworks/ImageIO.framework/Versions/A/Resources/libTIFF.dylib
0x00000000076b3000 	/System/Library/Frameworks/ImageIO.framework/Versions/A/Resources/libPng.dylib
0x00000000076b3000 	/System/Library/Frameworks/ImageIO.framework/Versions/A/Resources/libGIF.dylib
0x00000000076b3000 	/System/Library/Frameworks/ImageIO.framework/Versions/A/Resources/libJP2.dylib
0x00000000076b3000 	/System/Library/Frameworks/ImageIO.framework/Versions/A/Resources/libRadiance.dylib
0x00000000076b3000 	/System/Library/Frameworks/CoreVideo.framework/Versions/A/CoreVideo
0x00000000076b3000 	/System/Library/Frameworks/OpenGL.framework/Versions/A/Libraries/libGLU.dylib
0x00000000076b3000 	/System/Library/Frameworks/OpenGL.framework/Versions/A/Libraries/libGFXShared.dylib
0x00000000076b3000 	/System/Library/Frameworks/OpenGL.framework/Versions/A/Libraries/libGL.dylib
0x00000000076b3000 	/System/Library/Frameworks/OpenGL.framework/Versions/A/Libraries/libGLImage.dylib
0x00000000076b3000 	/System/Library/Frameworks/OpenGL.framework/Versions/A/Libraries/libCVMSPluginSupport.dylib
0x00000000076b3000 	/System/Library/Frameworks/OpenGL.framework/Versions/A/Libraries/libCoreVMClient.dylib
0x00000000076b3000 	/usr/lib/libcompression.dylib
0x00000000076b3000 	/usr/lib/libcups.2.dylib
0x00000000076b3000 	/System/Library/Frameworks/Kerberos.framework/Versions/A/Kerberos
0x00000000076b3000 	/System/Library/Frameworks/GSS.framework/Versions/A/GSS
0x00000000076b3000 	/usr/lib/libresolv.9.dylib
0x00000000076b3000 	/usr/lib/libiconv.2.dylib
0x00000000076b3000 	/System/Library/PrivateFrameworks/Heimdal.framework/Versions/A/Heimdal
0x00000000076b3000 	/usr/lib/libheimdal-asn1.dylib
0x00000000076b3000 	/System/Library/Frameworks/OpenDirectory.framework/Versions/A/OpenDirectory
0x00000000076b3000 	/System/Library/PrivateFrameworks/CommonAuth.framework/Versions/A/CommonAuth
0x00000000076b3000 	/System/Library/Frameworks/OpenDirectory.framework/Versions/A/Frameworks/CFOpenDirectory.framework/Versions/A/CFOpenDirectory
0x00000000076b3000 	/System/Library/Frameworks/SecurityFoundation.framework/Versions/A/SecurityFoundation
0x00000000076b3000 	/System/Library/PrivateFrameworks/LanguageModeling.framework/Versions/A/LanguageModeling
0x00000000076b3000 	/usr/lib/libmarisa.dylib
0x00000000076b3000 	/usr/lib/libChineseTokenizer.dylib
0x00000000076b3000 	/usr/lib/libcmph.dylib
0x00000000076b3000 	/System/Library/Frameworks/ServiceManagement.framework/Versions/A/ServiceManagement
0x00000000076b3000 	/usr/lib/libxslt.1.dylib
0x00000000076b3000 	/System/Library/Frameworks/Carbon.framework/Versions/A/Frameworks/Ink.framework/Versions/A/Ink
0x00000000076b3000 	/usr/lib/libFosl_dynamic.dylib
0x00000000076b3000 	/System/Library/PrivateFrameworks/FaceCore.framework/Versions/A/FaceCore
0x00000000076b3000 	/System/Library/Frameworks/OpenCL.framework/Versions/A/OpenCL
0x00000000076b3000 	/System/Library/PrivateFrameworks/CrashReporterSupport.framework/Versions/A/CrashReporterSupport
0x00000000076b3000 	/System/Library/PrivateFrameworks/IconServices.framework/Versions/A/IconServices
0x00000000076b3000 	/System/Library/PrivateFrameworks/Apple80211.framework/Versions/A/Apple80211
0x00000000076b3000 	/System/Library/Frameworks/CoreWLAN.framework/Versions/A/CoreWLAN
0x00000000076b3000 	/System/Library/Frameworks/IOBluetooth.framework/Versions/A/IOBluetooth
0x00000000076b3000 	/System/Library/PrivateFrameworks/CoreWiFi.framework/Versions/A/CoreWiFi
0x00000000076b3000 	/System/Library/Frameworks/CoreBluetooth.framework/Versions/A/CoreBluetooth
0x00000000076b3000 	/System/Library/PrivateFrameworks/ChunkingLibrary.framework/Versions/A/ChunkingLibrary
0x00000000076b3000 	/System/Library/PrivateFrameworks/DebugSymbols.framework/Versions/A/DebugSymbols
0x00000000076b3000 	/System/Library/PrivateFrameworks/CoreSymbolication.framework/Versions/A/CoreSymbolication
0x00000000076b3000 	/System/Library/PrivateFrameworks/Symbolication.framework/Versions/A/Symbolication
0x00000000076b3000 	/System/Library/PrivateFrameworks/SpeechRecognitionCore.framework/Versions/A/SpeechRecognitionCore
0x0000000109e03000 	/Library/Java/JavaVirtualMachines/jdk1.8.0_144.jdk/Contents/Home/jre/lib/server/libjvm.dylib
0x00000000076b3000 	/usr/lib/libstdc++.6.dylib
0x000000010adaa000 	/Library/Java/JavaVirtualMachines/jdk1.8.0_144.jdk/Contents/Home/jre/lib/libverify.dylib
0x000000010adb8000 	/Library/Java/JavaVirtualMachines/jdk1.8.0_144.jdk/Contents/Home/jre/lib/libjava.dylib
0x000000010b200000 	/Library/Java/JavaVirtualMachines/jdk1.8.0_144.jdk/Contents/Home/jre/lib/libzip.dylib
0x000000012052d000 	/System/Library/Frameworks/JavaVM.framework/Frameworks/JavaRuntimeSupport.framework/JavaRuntimeSupport
0x0000000120548000 	/System/Library/Frameworks/JavaVM.framework/Versions/A/Frameworks/JavaNativeFoundation.framework/Versions/A/JavaNativeFoundation
0x000000012055d000 	/System/Library/Frameworks/JavaVM.framework/Versions/A/JavaVM
0x00000000076b3000 	/System/Library/Frameworks/Carbon.framework/Versions/A/Carbon
0x000000012056a000 	/System/Library/PrivateFrameworks/JavaLaunching.framework/Versions/A/JavaLaunching
0x00000000076b3000 	/System/Library/Frameworks/Carbon.framework/Versions/A/Frameworks/CommonPanels.framework/Versions/A/CommonPanels
0x00000000076b3000 	/System/Library/Frameworks/Carbon.framework/Versions/A/Frameworks/Help.framework/Versions/A/Help
0x00000000076b3000 	/System/Library/Frameworks/Carbon.framework/Versions/A/Frameworks/ImageCapture.framework/Versions/A/ImageCapture
0x00000000076b3000 	/System/Library/Frameworks/Carbon.framework/Versions/A/Frameworks/OpenScripting.framework/Versions/A/OpenScripting
0x00000000076b3000 	/System/Library/Frameworks/Carbon.framework/Versions/A/Frameworks/Print.framework/Versions/A/Print
0x00000000076b3000 	/System/Library/Frameworks/Carbon.framework/Versions/A/Frameworks/SecurityHI.framework/Versions/A/SecurityHI
0x000000012236d000 	/Library/Java/JavaVirtualMachines/jdk1.8.0_144.jdk/Contents/Home/jre/lib/libnet.dylib
0x00000001223cc000 	/Library/Java/JavaVirtualMachines/jdk1.8.0_144.jdk/Contents/Home/jre/lib/libnio.dylib
0x00000001223dc000 	/Users/macuser/.gradle/native/23/osx-amd64/libnative-platform.dylib
0x000000012293c000 	/Library/Java/JavaVirtualMachines/jdk1.8.0_144.jdk/Contents/Home/jre/lib/libmanagement.dylib

VM Arguments:
jvm_args: -Xmx2048m -Dfile.encoding=UTF-8 -Duser.country=US -Duser.language=en -Duser.variant 
java_command: org.gradle.launcher.daemon.bootstrap.GradleDaemon 3.3
java_class_path (initial): /Users/macuser/.gradle/wrapper/dists/gradle-3.3-all/55gk2rcmfc6p2dg9u9ohc3hw9/gradle-3.3/lib/gradle-launcher-3.3.jar
Launcher Type: SUN_STANDARD

Environment Variables:
JAVA_HOME=/Library/Java/JavaVirtualMachines/jdk1.8.0_144.jdk/Contents/Home
PATH=/usr/bin:/bin:/usr/sbin:/sbin:/Applications/PhoneGap.app/Contents/Resources/app/bin:/Users/macuser/Library/Android/sdk/tools:/Users/macuser/Library/Android/sdk/platform-tools:/Users/macuser/Library/Android/sdk/tools/bin
SHELL=/bin/bash
DISPLAY=/private/tmp/com.apple.launchd.lkkoiGJdHX/org.macosforge.xquartz:0

Signal Handlers:
SIGSEGV: [libjvm.dylib+0x5b26e5], sa_mask[0]=11111111011111110111111111111111, sa_flags=SA_ONSTACK|SA_RESTART|SA_SIGINFO
SIGBUS: [libjvm.dylib+0x5b26e5], sa_mask[0]=11111111011111110111111111111111, sa_flags=SA_RESTART|SA_SIGINFO
SIGFPE: [libjvm.dylib+0x489100], sa_mask[0]=11111111011111110111111111111111, sa_flags=SA_RESTART|SA_SIGINFO
SIGPIPE: [libjvm.dylib+0x489100], sa_mask[0]=11111111011111110111111111111111, sa_flags=SA_RESTART|SA_SIGINFO
SIGXFSZ: [libjvm.dylib+0x489100], sa_mask[0]=11111111011111110111111111111111, sa_flags=SA_RESTART|SA_SIGINFO
SIGILL: [libjvm.dylib+0x489100], sa_mask[0]=11111111011111110111111111111111, sa_flags=SA_RESTART|SA_SIGINFO
SIGUSR1: SIG_DFL, sa_mask[0]=00000000000000000000000000000000, sa_flags=none
SIGUSR2: [libjvm.dylib+0x488c1e], sa_mask[0]=00100000000000000000000000000000, sa_flags=SA_RESTART|SA_SIGINFO
SIGHUP: [libjvm.dylib+0x4871f5], sa_mask[0]=11111111011111110111111111111111, sa_flags=SA_RESTART|SA_SIGINFO
SIGINT: SIG_IGN, sa_mask[0]=00000000000000000000000000000000, sa_flags=none
SIGTERM: [libjvm.dylib+0x4871f5], sa_mask[0]=11111111011111110111111111111111, sa_flags=SA_RESTART|SA_SIGINFO
SIGQUIT: [libjvm.dylib+0x4871f5], sa_mask[0]=11111111011111110111111111111111, sa_flags=SA_RESTART|SA_SIGINFO


---------------  S Y S T E M  ---------------

OS:Bsduname:Darwin 15.6.0 Darwin Kernel Version 15.6.0: Mon Oct  2 22:20:08 PDT 2017; root:xnu-3248.71.4~1/RELEASE_X86_64 x86_64
rlimit: STACK 8192k, CORE 0k, NPROC 709, NOFILE 10240, AS infinity
load average:142.68 88.90 40.38

CPU:total 2 (initial active 2) (2 cores per cpu, 1 threads per core) family 6 model 23 stepping 10, cmov, cx8, fxsr, mmx, sse, sse2, sse3, ssse3, sse4.1, tsc

Memory: 4k page, physical 8388608k(636172k free)

/proc/meminfo:


vm_info: Java HotSpot(TM) 64-Bit Server VM (25.144-b01) for bsd-amd64 JRE (1.8.0_144-b01), built on Jul 21 2017 22:07:42 by "java_re" with gcc 4.2.1 (Based on Apple Inc. build 5658) (LLVM build 2336.11.00)

time: Tue Nov 28 16:09:12 2017
elapsed time: 109 seconds (0d 0h 1m 49s)

